[2021-09-21 19:45:23,060] {processor.py:162} INFO - Started process (PID=46) to work on /home/airflow/.local/lib/python3.6/site-packages/airflow/example_dags/example_task_group_decorator.py
[2021-09-21 19:45:23,061] {processor.py:613} INFO - Processing file /home/airflow/.local/lib/python3.6/site-packages/airflow/example_dags/example_task_group_decorator.py for tasks to queue
[2021-09-21 19:45:23,062] {logging_mixin.py:109} INFO - [2021-09-21 19:45:23,062] {dagbag.py:496} INFO - Filling up the DagBag from /home/airflow/.local/lib/python3.6/site-packages/airflow/example_dags/example_task_group_decorator.py
[2021-09-21 19:45:23,283] {processor.py:623} INFO - DAG(s) dict_keys(['example_task_group_decorator']) retrieved from /home/airflow/.local/lib/python3.6/site-packages/airflow/example_dags/example_task_group_decorator.py
[2021-09-21 19:45:50,035] {logging_mixin.py:109} INFO - [2021-09-21 19:45:50,033] {dag.py:1834} INFO - Sync 1 DAGs
[2021-09-21 19:45:50,078] {logging_mixin.py:109} INFO - [2021-09-21 19:45:50,077] {dag.py:1853} INFO - Creating ORM DAG for example_task_group_decorator
[2021-09-21 19:45:50,083] {logging_mixin.py:109} INFO - [2021-09-21 19:45:50,083] {dag.py:2287} INFO - Setting next_dagrun for example_task_group_decorator to 2021-09-19 00:00:00+00:00
[2021-09-21 19:45:50,126] {processor.py:170} INFO - Processing /home/airflow/.local/lib/python3.6/site-packages/airflow/example_dags/example_task_group_decorator.py took 27.077 seconds
[2021-09-21 19:47:38,237] {processor.py:162} INFO - Started process (PID=294) to work on /home/airflow/.local/lib/python3.6/site-packages/airflow/example_dags/example_task_group_decorator.py
[2021-09-21 19:47:38,259] {processor.py:613} INFO - Processing file /home/airflow/.local/lib/python3.6/site-packages/airflow/example_dags/example_task_group_decorator.py for tasks to queue
[2021-09-21 19:47:38,260] {logging_mixin.py:109} INFO - [2021-09-21 19:47:38,260] {dagbag.py:496} INFO - Filling up the DagBag from /home/airflow/.local/lib/python3.6/site-packages/airflow/example_dags/example_task_group_decorator.py
[2021-09-21 19:47:38,382] {processor.py:623} INFO - DAG(s) dict_keys(['example_task_group_decorator']) retrieved from /home/airflow/.local/lib/python3.6/site-packages/airflow/example_dags/example_task_group_decorator.py
[2021-09-21 19:47:38,675] {logging_mixin.py:109} INFO - [2021-09-21 19:47:38,675] {dag.py:1834} INFO - Sync 1 DAGs
[2021-09-21 19:47:38,687] {logging_mixin.py:109} INFO - [2021-09-21 19:47:38,687] {dag.py:2287} INFO - Setting next_dagrun for example_task_group_decorator to 2021-09-19 00:00:00+00:00
[2021-09-21 19:47:38,793] {processor.py:170} INFO - Processing /home/airflow/.local/lib/python3.6/site-packages/airflow/example_dags/example_task_group_decorator.py took 0.559 seconds
[2021-09-21 19:48:09,539] {processor.py:162} INFO - Started process (PID=359) to work on /home/airflow/.local/lib/python3.6/site-packages/airflow/example_dags/example_task_group_decorator.py
[2021-09-21 19:48:09,542] {processor.py:613} INFO - Processing file /home/airflow/.local/lib/python3.6/site-packages/airflow/example_dags/example_task_group_decorator.py for tasks to queue
[2021-09-21 19:48:09,543] {logging_mixin.py:109} INFO - [2021-09-21 19:48:09,543] {dagbag.py:496} INFO - Filling up the DagBag from /home/airflow/.local/lib/python3.6/site-packages/airflow/example_dags/example_task_group_decorator.py
[2021-09-21 19:48:09,579] {processor.py:623} INFO - DAG(s) dict_keys(['example_task_group_decorator']) retrieved from /home/airflow/.local/lib/python3.6/site-packages/airflow/example_dags/example_task_group_decorator.py
[2021-09-21 19:48:10,003] {logging_mixin.py:109} INFO - [2021-09-21 19:48:10,003] {dag.py:1834} INFO - Sync 1 DAGs
[2021-09-21 19:48:10,020] {logging_mixin.py:109} INFO - [2021-09-21 19:48:10,020] {dag.py:2287} INFO - Setting next_dagrun for example_task_group_decorator to 2021-09-19 00:00:00+00:00
[2021-09-21 19:48:10,131] {processor.py:170} INFO - Processing /home/airflow/.local/lib/python3.6/site-packages/airflow/example_dags/example_task_group_decorator.py took 0.596 seconds
[2021-09-21 19:48:41,039] {processor.py:162} INFO - Started process (PID=411) to work on /home/airflow/.local/lib/python3.6/site-packages/airflow/example_dags/example_task_group_decorator.py
[2021-09-21 19:48:41,060] {processor.py:613} INFO - Processing file /home/airflow/.local/lib/python3.6/site-packages/airflow/example_dags/example_task_group_decorator.py for tasks to queue
[2021-09-21 19:48:41,061] {logging_mixin.py:109} INFO - [2021-09-21 19:48:41,061] {dagbag.py:496} INFO - Filling up the DagBag from /home/airflow/.local/lib/python3.6/site-packages/airflow/example_dags/example_task_group_decorator.py
[2021-09-21 19:48:41,089] {processor.py:623} INFO - DAG(s) dict_keys(['example_task_group_decorator']) retrieved from /home/airflow/.local/lib/python3.6/site-packages/airflow/example_dags/example_task_group_decorator.py
[2021-09-21 19:48:41,311] {logging_mixin.py:109} INFO - [2021-09-21 19:48:41,311] {dag.py:1834} INFO - Sync 1 DAGs
[2021-09-21 19:48:41,322] {logging_mixin.py:109} INFO - [2021-09-21 19:48:41,322] {dag.py:2287} INFO - Setting next_dagrun for example_task_group_decorator to 2021-09-19 00:00:00+00:00
[2021-09-21 19:48:41,343] {processor.py:170} INFO - Processing /home/airflow/.local/lib/python3.6/site-packages/airflow/example_dags/example_task_group_decorator.py took 0.311 seconds
[2021-09-21 19:49:11,493] {processor.py:162} INFO - Started process (PID=473) to work on /home/airflow/.local/lib/python3.6/site-packages/airflow/example_dags/example_task_group_decorator.py
[2021-09-21 19:49:11,494] {processor.py:613} INFO - Processing file /home/airflow/.local/lib/python3.6/site-packages/airflow/example_dags/example_task_group_decorator.py for tasks to queue
[2021-09-21 19:49:11,495] {logging_mixin.py:109} INFO - [2021-09-21 19:49:11,495] {dagbag.py:496} INFO - Filling up the DagBag from /home/airflow/.local/lib/python3.6/site-packages/airflow/example_dags/example_task_group_decorator.py
[2021-09-21 19:49:11,525] {processor.py:623} INFO - DAG(s) dict_keys(['example_task_group_decorator']) retrieved from /home/airflow/.local/lib/python3.6/site-packages/airflow/example_dags/example_task_group_decorator.py
[2021-09-21 19:49:11,720] {logging_mixin.py:109} INFO - [2021-09-21 19:49:11,720] {dag.py:1834} INFO - Sync 1 DAGs
[2021-09-21 19:49:11,732] {logging_mixin.py:109} INFO - [2021-09-21 19:49:11,732] {dag.py:2287} INFO - Setting next_dagrun for example_task_group_decorator to 2021-09-19 00:00:00+00:00
[2021-09-21 19:49:11,794] {processor.py:170} INFO - Processing /home/airflow/.local/lib/python3.6/site-packages/airflow/example_dags/example_task_group_decorator.py took 0.305 seconds
[2021-09-21 19:49:42,273] {processor.py:162} INFO - Started process (PID=529) to work on /home/airflow/.local/lib/python3.6/site-packages/airflow/example_dags/example_task_group_decorator.py
[2021-09-21 19:49:42,286] {processor.py:613} INFO - Processing file /home/airflow/.local/lib/python3.6/site-packages/airflow/example_dags/example_task_group_decorator.py for tasks to queue
[2021-09-21 19:49:42,287] {logging_mixin.py:109} INFO - [2021-09-21 19:49:42,287] {dagbag.py:496} INFO - Filling up the DagBag from /home/airflow/.local/lib/python3.6/site-packages/airflow/example_dags/example_task_group_decorator.py
[2021-09-21 19:49:42,313] {processor.py:623} INFO - DAG(s) dict_keys(['example_task_group_decorator']) retrieved from /home/airflow/.local/lib/python3.6/site-packages/airflow/example_dags/example_task_group_decorator.py
[2021-09-21 19:49:42,537] {logging_mixin.py:109} INFO - [2021-09-21 19:49:42,537] {dag.py:1834} INFO - Sync 1 DAGs
[2021-09-21 19:49:42,550] {logging_mixin.py:109} INFO - [2021-09-21 19:49:42,550] {dag.py:2287} INFO - Setting next_dagrun for example_task_group_decorator to 2021-09-19 00:00:00+00:00
[2021-09-21 19:49:42,627] {processor.py:170} INFO - Processing /home/airflow/.local/lib/python3.6/site-packages/airflow/example_dags/example_task_group_decorator.py took 0.357 seconds
[2021-09-21 19:50:12,749] {processor.py:162} INFO - Started process (PID=588) to work on /home/airflow/.local/lib/python3.6/site-packages/airflow/example_dags/example_task_group_decorator.py
[2021-09-21 19:50:12,752] {processor.py:613} INFO - Processing file /home/airflow/.local/lib/python3.6/site-packages/airflow/example_dags/example_task_group_decorator.py for tasks to queue
[2021-09-21 19:50:12,753] {logging_mixin.py:109} INFO - [2021-09-21 19:50:12,753] {dagbag.py:496} INFO - Filling up the DagBag from /home/airflow/.local/lib/python3.6/site-packages/airflow/example_dags/example_task_group_decorator.py
[2021-09-21 19:50:12,784] {processor.py:623} INFO - DAG(s) dict_keys(['example_task_group_decorator']) retrieved from /home/airflow/.local/lib/python3.6/site-packages/airflow/example_dags/example_task_group_decorator.py
[2021-09-21 19:50:12,972] {logging_mixin.py:109} INFO - [2021-09-21 19:50:12,972] {dag.py:1834} INFO - Sync 1 DAGs
[2021-09-21 19:50:12,982] {logging_mixin.py:109} INFO - [2021-09-21 19:50:12,982] {dag.py:2287} INFO - Setting next_dagrun for example_task_group_decorator to 2021-09-19 00:00:00+00:00
[2021-09-21 19:50:13,004] {processor.py:170} INFO - Processing /home/airflow/.local/lib/python3.6/site-packages/airflow/example_dags/example_task_group_decorator.py took 0.264 seconds
[2021-09-21 19:50:43,697] {processor.py:162} INFO - Started process (PID=643) to work on /home/airflow/.local/lib/python3.6/site-packages/airflow/example_dags/example_task_group_decorator.py
[2021-09-21 19:50:43,846] {processor.py:613} INFO - Processing file /home/airflow/.local/lib/python3.6/site-packages/airflow/example_dags/example_task_group_decorator.py for tasks to queue
[2021-09-21 19:50:43,846] {logging_mixin.py:109} INFO - [2021-09-21 19:50:43,846] {dagbag.py:496} INFO - Filling up the DagBag from /home/airflow/.local/lib/python3.6/site-packages/airflow/example_dags/example_task_group_decorator.py
[2021-09-21 19:50:43,874] {processor.py:623} INFO - DAG(s) dict_keys(['example_task_group_decorator']) retrieved from /home/airflow/.local/lib/python3.6/site-packages/airflow/example_dags/example_task_group_decorator.py
[2021-09-21 19:50:44,112] {logging_mixin.py:109} INFO - [2021-09-21 19:50:44,112] {dag.py:1834} INFO - Sync 1 DAGs
[2021-09-21 19:50:44,130] {logging_mixin.py:109} INFO - [2021-09-21 19:50:44,129] {dag.py:2287} INFO - Setting next_dagrun for example_task_group_decorator to 2021-09-19 00:00:00+00:00
[2021-09-21 19:50:44,151] {processor.py:170} INFO - Processing /home/airflow/.local/lib/python3.6/site-packages/airflow/example_dags/example_task_group_decorator.py took 0.457 seconds
[2021-09-21 19:51:14,326] {processor.py:162} INFO - Started process (PID=706) to work on /home/airflow/.local/lib/python3.6/site-packages/airflow/example_dags/example_task_group_decorator.py
[2021-09-21 19:51:14,327] {processor.py:613} INFO - Processing file /home/airflow/.local/lib/python3.6/site-packages/airflow/example_dags/example_task_group_decorator.py for tasks to queue
[2021-09-21 19:51:14,328] {logging_mixin.py:109} INFO - [2021-09-21 19:51:14,328] {dagbag.py:496} INFO - Filling up the DagBag from /home/airflow/.local/lib/python3.6/site-packages/airflow/example_dags/example_task_group_decorator.py
[2021-09-21 19:51:14,353] {processor.py:623} INFO - DAG(s) dict_keys(['example_task_group_decorator']) retrieved from /home/airflow/.local/lib/python3.6/site-packages/airflow/example_dags/example_task_group_decorator.py
[2021-09-21 19:51:14,543] {logging_mixin.py:109} INFO - [2021-09-21 19:51:14,543] {dag.py:1834} INFO - Sync 1 DAGs
[2021-09-21 19:51:14,554] {logging_mixin.py:109} INFO - [2021-09-21 19:51:14,554] {dag.py:2287} INFO - Setting next_dagrun for example_task_group_decorator to 2021-09-19 00:00:00+00:00
[2021-09-21 19:51:14,587] {processor.py:170} INFO - Processing /home/airflow/.local/lib/python3.6/site-packages/airflow/example_dags/example_task_group_decorator.py took 0.264 seconds
