[2021-09-21 19:47:23,787] {processor.py:162} INFO - Started process (PID=242) to work on /home/airflow/.local/lib/python3.6/site-packages/airflow/example_dags/example_latest_only.py
[2021-09-21 19:47:23,789] {processor.py:613} INFO - Processing file /home/airflow/.local/lib/python3.6/site-packages/airflow/example_dags/example_latest_only.py for tasks to queue
[2021-09-21 19:47:23,790] {logging_mixin.py:109} INFO - [2021-09-21 19:47:23,790] {dagbag.py:496} INFO - Filling up the DagBag from /home/airflow/.local/lib/python3.6/site-packages/airflow/example_dags/example_latest_only.py
[2021-09-21 19:47:23,830] {processor.py:623} INFO - DAG(s) dict_keys(['latest_only']) retrieved from /home/airflow/.local/lib/python3.6/site-packages/airflow/example_dags/example_latest_only.py
[2021-09-21 19:47:25,831] {logging_mixin.py:109} INFO - [2021-09-21 19:47:25,830] {dag.py:1834} INFO - Sync 1 DAGs
[2021-09-21 19:47:25,843] {logging_mixin.py:109} INFO - [2021-09-21 19:47:25,841] {dag.py:1853} INFO - Creating ORM DAG for latest_only
[2021-09-21 19:47:25,846] {logging_mixin.py:109} INFO - [2021-09-21 19:47:25,846] {dag.py:2287} INFO - Setting next_dagrun for latest_only to 2021-09-19 00:00:00+00:00
[2021-09-21 19:47:26,127] {processor.py:170} INFO - Processing /home/airflow/.local/lib/python3.6/site-packages/airflow/example_dags/example_latest_only.py took 2.346 seconds
[2021-09-21 19:47:56,221] {processor.py:162} INFO - Started process (PID=338) to work on /home/airflow/.local/lib/python3.6/site-packages/airflow/example_dags/example_latest_only.py
[2021-09-21 19:47:56,222] {processor.py:613} INFO - Processing file /home/airflow/.local/lib/python3.6/site-packages/airflow/example_dags/example_latest_only.py for tasks to queue
[2021-09-21 19:47:56,223] {logging_mixin.py:109} INFO - [2021-09-21 19:47:56,223] {dagbag.py:496} INFO - Filling up the DagBag from /home/airflow/.local/lib/python3.6/site-packages/airflow/example_dags/example_latest_only.py
[2021-09-21 19:47:56,236] {processor.py:623} INFO - DAG(s) dict_keys(['latest_only']) retrieved from /home/airflow/.local/lib/python3.6/site-packages/airflow/example_dags/example_latest_only.py
[2021-09-21 19:47:56,259] {logging_mixin.py:109} INFO - [2021-09-21 19:47:56,259] {dag.py:1834} INFO - Sync 1 DAGs
[2021-09-21 19:47:56,277] {logging_mixin.py:109} INFO - [2021-09-21 19:47:56,277] {dag.py:2287} INFO - Setting next_dagrun for latest_only to 2021-09-19 00:00:00+00:00
[2021-09-21 19:47:56,520] {processor.py:170} INFO - Processing /home/airflow/.local/lib/python3.6/site-packages/airflow/example_dags/example_latest_only.py took 0.303 seconds
[2021-09-21 19:48:27,331] {processor.py:162} INFO - Started process (PID=391) to work on /home/airflow/.local/lib/python3.6/site-packages/airflow/example_dags/example_latest_only.py
[2021-09-21 19:48:27,360] {processor.py:613} INFO - Processing file /home/airflow/.local/lib/python3.6/site-packages/airflow/example_dags/example_latest_only.py for tasks to queue
[2021-09-21 19:48:27,360] {logging_mixin.py:109} INFO - [2021-09-21 19:48:27,360] {dagbag.py:496} INFO - Filling up the DagBag from /home/airflow/.local/lib/python3.6/site-packages/airflow/example_dags/example_latest_only.py
[2021-09-21 19:48:27,370] {processor.py:623} INFO - DAG(s) dict_keys(['latest_only']) retrieved from /home/airflow/.local/lib/python3.6/site-packages/airflow/example_dags/example_latest_only.py
[2021-09-21 19:48:27,389] {logging_mixin.py:109} INFO - [2021-09-21 19:48:27,388] {dag.py:1834} INFO - Sync 1 DAGs
[2021-09-21 19:48:27,403] {logging_mixin.py:109} INFO - [2021-09-21 19:48:27,403] {dag.py:2287} INFO - Setting next_dagrun for latest_only to 2021-09-19 00:00:00+00:00
[2021-09-21 19:48:27,459] {processor.py:170} INFO - Processing /home/airflow/.local/lib/python3.6/site-packages/airflow/example_dags/example_latest_only.py took 0.134 seconds
[2021-09-21 19:48:57,551] {processor.py:162} INFO - Started process (PID=453) to work on /home/airflow/.local/lib/python3.6/site-packages/airflow/example_dags/example_latest_only.py
[2021-09-21 19:48:57,552] {processor.py:613} INFO - Processing file /home/airflow/.local/lib/python3.6/site-packages/airflow/example_dags/example_latest_only.py for tasks to queue
[2021-09-21 19:48:57,552] {logging_mixin.py:109} INFO - [2021-09-21 19:48:57,552] {dagbag.py:496} INFO - Filling up the DagBag from /home/airflow/.local/lib/python3.6/site-packages/airflow/example_dags/example_latest_only.py
[2021-09-21 19:48:57,566] {processor.py:623} INFO - DAG(s) dict_keys(['latest_only']) retrieved from /home/airflow/.local/lib/python3.6/site-packages/airflow/example_dags/example_latest_only.py
[2021-09-21 19:48:57,587] {logging_mixin.py:109} INFO - [2021-09-21 19:48:57,587] {dag.py:1834} INFO - Sync 1 DAGs
[2021-09-21 19:48:57,603] {logging_mixin.py:109} INFO - [2021-09-21 19:48:57,602] {dag.py:2287} INFO - Setting next_dagrun for latest_only to 2021-09-19 00:00:00+00:00
[2021-09-21 19:48:57,632] {processor.py:170} INFO - Processing /home/airflow/.local/lib/python3.6/site-packages/airflow/example_dags/example_latest_only.py took 0.085 seconds
[2021-09-21 19:49:27,694] {processor.py:162} INFO - Started process (PID=504) to work on /home/airflow/.local/lib/python3.6/site-packages/airflow/example_dags/example_latest_only.py
[2021-09-21 19:49:27,749] {processor.py:613} INFO - Processing file /home/airflow/.local/lib/python3.6/site-packages/airflow/example_dags/example_latest_only.py for tasks to queue
[2021-09-21 19:49:27,751] {logging_mixin.py:109} INFO - [2021-09-21 19:49:27,751] {dagbag.py:496} INFO - Filling up the DagBag from /home/airflow/.local/lib/python3.6/site-packages/airflow/example_dags/example_latest_only.py
[2021-09-21 19:49:27,774] {processor.py:623} INFO - DAG(s) dict_keys(['latest_only']) retrieved from /home/airflow/.local/lib/python3.6/site-packages/airflow/example_dags/example_latest_only.py
[2021-09-21 19:49:27,800] {logging_mixin.py:109} INFO - [2021-09-21 19:49:27,799] {dag.py:1834} INFO - Sync 1 DAGs
[2021-09-21 19:49:27,818] {logging_mixin.py:109} INFO - [2021-09-21 19:49:27,818] {dag.py:2287} INFO - Setting next_dagrun for latest_only to 2021-09-19 00:00:00+00:00
[2021-09-21 19:49:27,932] {processor.py:170} INFO - Processing /home/airflow/.local/lib/python3.6/site-packages/airflow/example_dags/example_latest_only.py took 0.244 seconds
[2021-09-21 19:49:58,084] {processor.py:162} INFO - Started process (PID=568) to work on /home/airflow/.local/lib/python3.6/site-packages/airflow/example_dags/example_latest_only.py
[2021-09-21 19:49:58,085] {processor.py:613} INFO - Processing file /home/airflow/.local/lib/python3.6/site-packages/airflow/example_dags/example_latest_only.py for tasks to queue
[2021-09-21 19:49:58,086] {logging_mixin.py:109} INFO - [2021-09-21 19:49:58,086] {dagbag.py:496} INFO - Filling up the DagBag from /home/airflow/.local/lib/python3.6/site-packages/airflow/example_dags/example_latest_only.py
[2021-09-21 19:49:58,098] {processor.py:623} INFO - DAG(s) dict_keys(['latest_only']) retrieved from /home/airflow/.local/lib/python3.6/site-packages/airflow/example_dags/example_latest_only.py
[2021-09-21 19:49:58,115] {logging_mixin.py:109} INFO - [2021-09-21 19:49:58,115] {dag.py:1834} INFO - Sync 1 DAGs
[2021-09-21 19:49:58,126] {logging_mixin.py:109} INFO - [2021-09-21 19:49:58,126] {dag.py:2287} INFO - Setting next_dagrun for latest_only to 2021-09-19 00:00:00+00:00
[2021-09-21 19:49:58,170] {processor.py:170} INFO - Processing /home/airflow/.local/lib/python3.6/site-packages/airflow/example_dags/example_latest_only.py took 0.091 seconds
[2021-09-21 19:50:28,875] {processor.py:162} INFO - Started process (PID=622) to work on /home/airflow/.local/lib/python3.6/site-packages/airflow/example_dags/example_latest_only.py
[2021-09-21 19:50:28,927] {processor.py:613} INFO - Processing file /home/airflow/.local/lib/python3.6/site-packages/airflow/example_dags/example_latest_only.py for tasks to queue
[2021-09-21 19:50:28,928] {logging_mixin.py:109} INFO - [2021-09-21 19:50:28,928] {dagbag.py:496} INFO - Filling up the DagBag from /home/airflow/.local/lib/python3.6/site-packages/airflow/example_dags/example_latest_only.py
[2021-09-21 19:50:28,940] {processor.py:623} INFO - DAG(s) dict_keys(['latest_only']) retrieved from /home/airflow/.local/lib/python3.6/site-packages/airflow/example_dags/example_latest_only.py
[2021-09-21 19:50:28,959] {logging_mixin.py:109} INFO - [2021-09-21 19:50:28,959] {dag.py:1834} INFO - Sync 1 DAGs
[2021-09-21 19:50:28,973] {logging_mixin.py:109} INFO - [2021-09-21 19:50:28,972] {dag.py:2287} INFO - Setting next_dagrun for latest_only to 2021-09-19 00:00:00+00:00
[2021-09-21 19:50:29,005] {processor.py:170} INFO - Processing /home/airflow/.local/lib/python3.6/site-packages/airflow/example_dags/example_latest_only.py took 0.134 seconds
[2021-09-21 19:50:59,656] {processor.py:162} INFO - Started process (PID=685) to work on /home/airflow/.local/lib/python3.6/site-packages/airflow/example_dags/example_latest_only.py
[2021-09-21 19:50:59,658] {processor.py:613} INFO - Processing file /home/airflow/.local/lib/python3.6/site-packages/airflow/example_dags/example_latest_only.py for tasks to queue
[2021-09-21 19:50:59,659] {logging_mixin.py:109} INFO - [2021-09-21 19:50:59,659] {dagbag.py:496} INFO - Filling up the DagBag from /home/airflow/.local/lib/python3.6/site-packages/airflow/example_dags/example_latest_only.py
[2021-09-21 19:50:59,675] {processor.py:623} INFO - DAG(s) dict_keys(['latest_only']) retrieved from /home/airflow/.local/lib/python3.6/site-packages/airflow/example_dags/example_latest_only.py
[2021-09-21 19:50:59,694] {logging_mixin.py:109} INFO - [2021-09-21 19:50:59,694] {dag.py:1834} INFO - Sync 1 DAGs
[2021-09-21 19:50:59,708] {logging_mixin.py:109} INFO - [2021-09-21 19:50:59,708] {dag.py:2287} INFO - Setting next_dagrun for latest_only to 2021-09-19 00:00:00+00:00
[2021-09-21 19:50:59,759] {processor.py:170} INFO - Processing /home/airflow/.local/lib/python3.6/site-packages/airflow/example_dags/example_latest_only.py took 0.109 seconds
[2021-09-21 19:51:30,185] {processor.py:162} INFO - Started process (PID=738) to work on /home/airflow/.local/lib/python3.6/site-packages/airflow/example_dags/example_latest_only.py
[2021-09-21 19:51:30,302] {processor.py:613} INFO - Processing file /home/airflow/.local/lib/python3.6/site-packages/airflow/example_dags/example_latest_only.py for tasks to queue
[2021-09-21 19:51:30,305] {logging_mixin.py:109} INFO - [2021-09-21 19:51:30,304] {dagbag.py:496} INFO - Filling up the DagBag from /home/airflow/.local/lib/python3.6/site-packages/airflow/example_dags/example_latest_only.py
[2021-09-21 19:51:30,353] {processor.py:623} INFO - DAG(s) dict_keys(['latest_only']) retrieved from /home/airflow/.local/lib/python3.6/site-packages/airflow/example_dags/example_latest_only.py
[2021-09-21 19:51:30,404] {logging_mixin.py:109} INFO - [2021-09-21 19:51:30,404] {dag.py:1834} INFO - Sync 1 DAGs
[2021-09-21 19:51:30,443] {logging_mixin.py:109} INFO - [2021-09-21 19:51:30,443] {dag.py:2287} INFO - Setting next_dagrun for latest_only to 2021-09-19 00:00:00+00:00
[2021-09-21 19:51:31,208] {processor.py:170} INFO - Processing /home/airflow/.local/lib/python3.6/site-packages/airflow/example_dags/example_latest_only.py took 1.030 seconds
