[2021-09-21 19:47:18,910] {processor.py:162} INFO - Started process (PID=222) to work on /home/airflow/.local/lib/python3.6/site-packages/airflow/example_dags/example_skip_dag.py
[2021-09-21 19:47:18,911] {processor.py:613} INFO - Processing file /home/airflow/.local/lib/python3.6/site-packages/airflow/example_dags/example_skip_dag.py for tasks to queue
[2021-09-21 19:47:18,912] {logging_mixin.py:109} INFO - [2021-09-21 19:47:18,911] {dagbag.py:496} INFO - Filling up the DagBag from /home/airflow/.local/lib/python3.6/site-packages/airflow/example_dags/example_skip_dag.py
[2021-09-21 19:47:18,921] {processor.py:623} INFO - DAG(s) dict_keys(['example_skip_dag']) retrieved from /home/airflow/.local/lib/python3.6/site-packages/airflow/example_dags/example_skip_dag.py
[2021-09-21 19:47:21,486] {logging_mixin.py:109} INFO - [2021-09-21 19:47:21,485] {dag.py:1834} INFO - Sync 1 DAGs
[2021-09-21 19:47:21,496] {logging_mixin.py:109} INFO - [2021-09-21 19:47:21,495] {dag.py:1853} INFO - Creating ORM DAG for example_skip_dag
[2021-09-21 19:47:21,500] {logging_mixin.py:109} INFO - [2021-09-21 19:47:21,500] {dag.py:2287} INFO - Setting next_dagrun for example_skip_dag to 2021-09-19 00:00:00+00:00
[2021-09-21 19:47:21,521] {processor.py:170} INFO - Processing /home/airflow/.local/lib/python3.6/site-packages/airflow/example_dags/example_skip_dag.py took 2.613 seconds
[2021-09-21 19:47:51,588] {processor.py:162} INFO - Started process (PID=324) to work on /home/airflow/.local/lib/python3.6/site-packages/airflow/example_dags/example_skip_dag.py
[2021-09-21 19:47:51,589] {processor.py:613} INFO - Processing file /home/airflow/.local/lib/python3.6/site-packages/airflow/example_dags/example_skip_dag.py for tasks to queue
[2021-09-21 19:47:51,591] {logging_mixin.py:109} INFO - [2021-09-21 19:47:51,591] {dagbag.py:496} INFO - Filling up the DagBag from /home/airflow/.local/lib/python3.6/site-packages/airflow/example_dags/example_skip_dag.py
[2021-09-21 19:47:51,606] {processor.py:623} INFO - DAG(s) dict_keys(['example_skip_dag']) retrieved from /home/airflow/.local/lib/python3.6/site-packages/airflow/example_dags/example_skip_dag.py
[2021-09-21 19:47:51,640] {logging_mixin.py:109} INFO - [2021-09-21 19:47:51,640] {dag.py:1834} INFO - Sync 1 DAGs
[2021-09-21 19:47:51,655] {logging_mixin.py:109} INFO - [2021-09-21 19:47:51,654] {dag.py:2287} INFO - Setting next_dagrun for example_skip_dag to 2021-09-19 00:00:00+00:00
[2021-09-21 19:47:51,680] {processor.py:170} INFO - Processing /home/airflow/.local/lib/python3.6/site-packages/airflow/example_dags/example_skip_dag.py took 0.094 seconds
[2021-09-21 19:48:21,928] {processor.py:162} INFO - Started process (PID=387) to work on /home/airflow/.local/lib/python3.6/site-packages/airflow/example_dags/example_skip_dag.py
[2021-09-21 19:48:21,985] {processor.py:613} INFO - Processing file /home/airflow/.local/lib/python3.6/site-packages/airflow/example_dags/example_skip_dag.py for tasks to queue
[2021-09-21 19:48:21,986] {logging_mixin.py:109} INFO - [2021-09-21 19:48:21,986] {dagbag.py:496} INFO - Filling up the DagBag from /home/airflow/.local/lib/python3.6/site-packages/airflow/example_dags/example_skip_dag.py
[2021-09-21 19:48:22,002] {processor.py:623} INFO - DAG(s) dict_keys(['example_skip_dag']) retrieved from /home/airflow/.local/lib/python3.6/site-packages/airflow/example_dags/example_skip_dag.py
[2021-09-21 19:48:22,030] {logging_mixin.py:109} INFO - [2021-09-21 19:48:22,030] {dag.py:1834} INFO - Sync 1 DAGs
[2021-09-21 19:48:22,051] {logging_mixin.py:109} INFO - [2021-09-21 19:48:22,051] {dag.py:2287} INFO - Setting next_dagrun for example_skip_dag to 2021-09-19 00:00:00+00:00
[2021-09-21 19:48:22,115] {processor.py:170} INFO - Processing /home/airflow/.local/lib/python3.6/site-packages/airflow/example_dags/example_skip_dag.py took 0.191 seconds
[2021-09-21 19:48:52,246] {processor.py:162} INFO - Started process (PID=438) to work on /home/airflow/.local/lib/python3.6/site-packages/airflow/example_dags/example_skip_dag.py
[2021-09-21 19:48:52,248] {processor.py:613} INFO - Processing file /home/airflow/.local/lib/python3.6/site-packages/airflow/example_dags/example_skip_dag.py for tasks to queue
[2021-09-21 19:48:52,249] {logging_mixin.py:109} INFO - [2021-09-21 19:48:52,248] {dagbag.py:496} INFO - Filling up the DagBag from /home/airflow/.local/lib/python3.6/site-packages/airflow/example_dags/example_skip_dag.py
[2021-09-21 19:48:52,261] {processor.py:623} INFO - DAG(s) dict_keys(['example_skip_dag']) retrieved from /home/airflow/.local/lib/python3.6/site-packages/airflow/example_dags/example_skip_dag.py
[2021-09-21 19:48:52,284] {logging_mixin.py:109} INFO - [2021-09-21 19:48:52,284] {dag.py:1834} INFO - Sync 1 DAGs
[2021-09-21 19:48:52,299] {logging_mixin.py:109} INFO - [2021-09-21 19:48:52,299] {dag.py:2287} INFO - Setting next_dagrun for example_skip_dag to 2021-09-19 00:00:00+00:00
[2021-09-21 19:48:52,342] {processor.py:170} INFO - Processing /home/airflow/.local/lib/python3.6/site-packages/airflow/example_dags/example_skip_dag.py took 0.100 seconds
[2021-09-21 19:49:22,681] {processor.py:162} INFO - Started process (PID=500) to work on /home/airflow/.local/lib/python3.6/site-packages/airflow/example_dags/example_skip_dag.py
[2021-09-21 19:49:22,751] {processor.py:613} INFO - Processing file /home/airflow/.local/lib/python3.6/site-packages/airflow/example_dags/example_skip_dag.py for tasks to queue
[2021-09-21 19:49:22,753] {logging_mixin.py:109} INFO - [2021-09-21 19:49:22,753] {dagbag.py:496} INFO - Filling up the DagBag from /home/airflow/.local/lib/python3.6/site-packages/airflow/example_dags/example_skip_dag.py
[2021-09-21 19:49:22,776] {processor.py:623} INFO - DAG(s) dict_keys(['example_skip_dag']) retrieved from /home/airflow/.local/lib/python3.6/site-packages/airflow/example_dags/example_skip_dag.py
[2021-09-21 19:49:22,802] {logging_mixin.py:109} INFO - [2021-09-21 19:49:22,801] {dag.py:1834} INFO - Sync 1 DAGs
[2021-09-21 19:49:22,823] {logging_mixin.py:109} INFO - [2021-09-21 19:49:22,822] {dag.py:2287} INFO - Setting next_dagrun for example_skip_dag to 2021-09-19 00:00:00+00:00
[2021-09-21 19:49:23,138] {processor.py:170} INFO - Processing /home/airflow/.local/lib/python3.6/site-packages/airflow/example_dags/example_skip_dag.py took 0.465 seconds
[2021-09-21 19:49:53,830] {processor.py:162} INFO - Started process (PID=554) to work on /home/airflow/.local/lib/python3.6/site-packages/airflow/example_dags/example_skip_dag.py
[2021-09-21 19:49:53,833] {processor.py:613} INFO - Processing file /home/airflow/.local/lib/python3.6/site-packages/airflow/example_dags/example_skip_dag.py for tasks to queue
[2021-09-21 19:49:53,834] {logging_mixin.py:109} INFO - [2021-09-21 19:49:53,834] {dagbag.py:496} INFO - Filling up the DagBag from /home/airflow/.local/lib/python3.6/site-packages/airflow/example_dags/example_skip_dag.py
[2021-09-21 19:49:53,848] {processor.py:623} INFO - DAG(s) dict_keys(['example_skip_dag']) retrieved from /home/airflow/.local/lib/python3.6/site-packages/airflow/example_dags/example_skip_dag.py
[2021-09-21 19:49:53,873] {logging_mixin.py:109} INFO - [2021-09-21 19:49:53,873] {dag.py:1834} INFO - Sync 1 DAGs
[2021-09-21 19:49:53,889] {logging_mixin.py:109} INFO - [2021-09-21 19:49:53,889] {dag.py:2287} INFO - Setting next_dagrun for example_skip_dag to 2021-09-19 00:00:00+00:00
[2021-09-21 19:49:53,914] {processor.py:170} INFO - Processing /home/airflow/.local/lib/python3.6/site-packages/airflow/example_dags/example_skip_dag.py took 0.092 seconds
[2021-09-21 19:50:24,589] {processor.py:162} INFO - Started process (PID=618) to work on /home/airflow/.local/lib/python3.6/site-packages/airflow/example_dags/example_skip_dag.py
[2021-09-21 19:50:24,640] {processor.py:613} INFO - Processing file /home/airflow/.local/lib/python3.6/site-packages/airflow/example_dags/example_skip_dag.py for tasks to queue
[2021-09-21 19:50:24,642] {logging_mixin.py:109} INFO - [2021-09-21 19:50:24,642] {dagbag.py:496} INFO - Filling up the DagBag from /home/airflow/.local/lib/python3.6/site-packages/airflow/example_dags/example_skip_dag.py
[2021-09-21 19:50:24,663] {processor.py:623} INFO - DAG(s) dict_keys(['example_skip_dag']) retrieved from /home/airflow/.local/lib/python3.6/site-packages/airflow/example_dags/example_skip_dag.py
[2021-09-21 19:50:24,688] {logging_mixin.py:109} INFO - [2021-09-21 19:50:24,688] {dag.py:1834} INFO - Sync 1 DAGs
[2021-09-21 19:50:24,703] {logging_mixin.py:109} INFO - [2021-09-21 19:50:24,702] {dag.py:2287} INFO - Setting next_dagrun for example_skip_dag to 2021-09-19 00:00:00+00:00
[2021-09-21 19:50:24,716] {processor.py:170} INFO - Processing /home/airflow/.local/lib/python3.6/site-packages/airflow/example_dags/example_skip_dag.py took 0.133 seconds
[2021-09-21 19:50:55,358] {processor.py:162} INFO - Started process (PID=670) to work on /home/airflow/.local/lib/python3.6/site-packages/airflow/example_dags/example_skip_dag.py
[2021-09-21 19:50:55,361] {processor.py:613} INFO - Processing file /home/airflow/.local/lib/python3.6/site-packages/airflow/example_dags/example_skip_dag.py for tasks to queue
[2021-09-21 19:50:55,363] {logging_mixin.py:109} INFO - [2021-09-21 19:50:55,363] {dagbag.py:496} INFO - Filling up the DagBag from /home/airflow/.local/lib/python3.6/site-packages/airflow/example_dags/example_skip_dag.py
[2021-09-21 19:50:55,393] {processor.py:623} INFO - DAG(s) dict_keys(['example_skip_dag']) retrieved from /home/airflow/.local/lib/python3.6/site-packages/airflow/example_dags/example_skip_dag.py
[2021-09-21 19:50:55,424] {logging_mixin.py:109} INFO - [2021-09-21 19:50:55,424] {dag.py:1834} INFO - Sync 1 DAGs
[2021-09-21 19:50:55,441] {logging_mixin.py:109} INFO - [2021-09-21 19:50:55,441] {dag.py:2287} INFO - Setting next_dagrun for example_skip_dag to 2021-09-19 00:00:00+00:00
[2021-09-21 19:50:55,463] {processor.py:170} INFO - Processing /home/airflow/.local/lib/python3.6/site-packages/airflow/example_dags/example_skip_dag.py took 0.115 seconds
[2021-09-21 19:51:25,717] {processor.py:162} INFO - Started process (PID=734) to work on /home/airflow/.local/lib/python3.6/site-packages/airflow/example_dags/example_skip_dag.py
[2021-09-21 19:51:25,735] {processor.py:613} INFO - Processing file /home/airflow/.local/lib/python3.6/site-packages/airflow/example_dags/example_skip_dag.py for tasks to queue
[2021-09-21 19:51:25,735] {logging_mixin.py:109} INFO - [2021-09-21 19:51:25,735] {dagbag.py:496} INFO - Filling up the DagBag from /home/airflow/.local/lib/python3.6/site-packages/airflow/example_dags/example_skip_dag.py
[2021-09-21 19:51:25,753] {processor.py:623} INFO - DAG(s) dict_keys(['example_skip_dag']) retrieved from /home/airflow/.local/lib/python3.6/site-packages/airflow/example_dags/example_skip_dag.py
[2021-09-21 19:51:25,782] {logging_mixin.py:109} INFO - [2021-09-21 19:51:25,782] {dag.py:1834} INFO - Sync 1 DAGs
[2021-09-21 19:51:25,803] {logging_mixin.py:109} INFO - [2021-09-21 19:51:25,800] {dag.py:2287} INFO - Setting next_dagrun for example_skip_dag to 2021-09-19 00:00:00+00:00
[2021-09-21 19:51:25,832] {processor.py:170} INFO - Processing /home/airflow/.local/lib/python3.6/site-packages/airflow/example_dags/example_skip_dag.py took 0.119 seconds
