[2021-09-21 19:46:35,346] {processor.py:162} INFO - Started process (PID=150) to work on /home/airflow/.local/lib/python3.6/site-packages/airflow/example_dags/example_nested_branch_dag.py
[2021-09-21 19:46:35,347] {processor.py:613} INFO - Processing file /home/airflow/.local/lib/python3.6/site-packages/airflow/example_dags/example_nested_branch_dag.py for tasks to queue
[2021-09-21 19:46:35,348] {logging_mixin.py:109} INFO - [2021-09-21 19:46:35,348] {dagbag.py:496} INFO - Filling up the DagBag from /home/airflow/.local/lib/python3.6/site-packages/airflow/example_dags/example_nested_branch_dag.py
[2021-09-21 19:46:35,360] {processor.py:623} INFO - DAG(s) dict_keys(['example_nested_branch_dag']) retrieved from /home/airflow/.local/lib/python3.6/site-packages/airflow/example_dags/example_nested_branch_dag.py
[2021-09-21 19:46:43,065] {logging_mixin.py:109} INFO - [2021-09-21 19:46:43,061] {dag.py:1834} INFO - Sync 1 DAGs
[2021-09-21 19:46:43,095] {logging_mixin.py:109} INFO - [2021-09-21 19:46:43,092] {dag.py:1853} INFO - Creating ORM DAG for example_nested_branch_dag
[2021-09-21 19:46:43,106] {logging_mixin.py:109} INFO - [2021-09-21 19:46:43,106] {dag.py:2287} INFO - Setting next_dagrun for example_nested_branch_dag to 2021-09-19 00:00:00+00:00
[2021-09-21 19:46:43,391] {processor.py:170} INFO - Processing /home/airflow/.local/lib/python3.6/site-packages/airflow/example_dags/example_nested_branch_dag.py took 8.047 seconds
[2021-09-21 19:47:39,487] {processor.py:162} INFO - Started process (PID=304) to work on /home/airflow/.local/lib/python3.6/site-packages/airflow/example_dags/example_nested_branch_dag.py
[2021-09-21 19:47:39,488] {processor.py:613} INFO - Processing file /home/airflow/.local/lib/python3.6/site-packages/airflow/example_dags/example_nested_branch_dag.py for tasks to queue
[2021-09-21 19:47:39,489] {logging_mixin.py:109} INFO - [2021-09-21 19:47:39,488] {dagbag.py:496} INFO - Filling up the DagBag from /home/airflow/.local/lib/python3.6/site-packages/airflow/example_dags/example_nested_branch_dag.py
[2021-09-21 19:47:39,509] {processor.py:623} INFO - DAG(s) dict_keys(['example_nested_branch_dag']) retrieved from /home/airflow/.local/lib/python3.6/site-packages/airflow/example_dags/example_nested_branch_dag.py
[2021-09-21 19:47:39,533] {logging_mixin.py:109} INFO - [2021-09-21 19:47:39,533] {dag.py:1834} INFO - Sync 1 DAGs
[2021-09-21 19:47:39,558] {logging_mixin.py:109} INFO - [2021-09-21 19:47:39,558] {dag.py:2287} INFO - Setting next_dagrun for example_nested_branch_dag to 2021-09-19 00:00:00+00:00
[2021-09-21 19:47:39,591] {processor.py:170} INFO - Processing /home/airflow/.local/lib/python3.6/site-packages/airflow/example_dags/example_nested_branch_dag.py took 0.108 seconds
[2021-09-21 19:48:10,931] {processor.py:162} INFO - Started process (PID=368) to work on /home/airflow/.local/lib/python3.6/site-packages/airflow/example_dags/example_nested_branch_dag.py
[2021-09-21 19:48:10,933] {processor.py:613} INFO - Processing file /home/airflow/.local/lib/python3.6/site-packages/airflow/example_dags/example_nested_branch_dag.py for tasks to queue
[2021-09-21 19:48:10,933] {logging_mixin.py:109} INFO - [2021-09-21 19:48:10,933] {dagbag.py:496} INFO - Filling up the DagBag from /home/airflow/.local/lib/python3.6/site-packages/airflow/example_dags/example_nested_branch_dag.py
[2021-09-21 19:48:10,949] {processor.py:623} INFO - DAG(s) dict_keys(['example_nested_branch_dag']) retrieved from /home/airflow/.local/lib/python3.6/site-packages/airflow/example_dags/example_nested_branch_dag.py
[2021-09-21 19:48:11,216] {logging_mixin.py:109} INFO - [2021-09-21 19:48:11,216] {dag.py:1834} INFO - Sync 1 DAGs
[2021-09-21 19:48:11,244] {logging_mixin.py:109} INFO - [2021-09-21 19:48:11,244] {dag.py:2287} INFO - Setting next_dagrun for example_nested_branch_dag to 2021-09-19 00:00:00+00:00
[2021-09-21 19:48:11,293] {processor.py:170} INFO - Processing /home/airflow/.local/lib/python3.6/site-packages/airflow/example_dags/example_nested_branch_dag.py took 0.365 seconds
[2021-09-21 19:48:41,711] {processor.py:162} INFO - Started process (PID=419) to work on /home/airflow/.local/lib/python3.6/site-packages/airflow/example_dags/example_nested_branch_dag.py
[2021-09-21 19:48:41,713] {processor.py:613} INFO - Processing file /home/airflow/.local/lib/python3.6/site-packages/airflow/example_dags/example_nested_branch_dag.py for tasks to queue
[2021-09-21 19:48:41,714] {logging_mixin.py:109} INFO - [2021-09-21 19:48:41,714] {dagbag.py:496} INFO - Filling up the DagBag from /home/airflow/.local/lib/python3.6/site-packages/airflow/example_dags/example_nested_branch_dag.py
[2021-09-21 19:48:41,729] {processor.py:623} INFO - DAG(s) dict_keys(['example_nested_branch_dag']) retrieved from /home/airflow/.local/lib/python3.6/site-packages/airflow/example_dags/example_nested_branch_dag.py
[2021-09-21 19:48:41,750] {logging_mixin.py:109} INFO - [2021-09-21 19:48:41,750] {dag.py:1834} INFO - Sync 1 DAGs
[2021-09-21 19:48:41,771] {logging_mixin.py:109} INFO - [2021-09-21 19:48:41,771] {dag.py:2287} INFO - Setting next_dagrun for example_nested_branch_dag to 2021-09-19 00:00:00+00:00
[2021-09-21 19:48:41,797] {processor.py:170} INFO - Processing /home/airflow/.local/lib/python3.6/site-packages/airflow/example_dags/example_nested_branch_dag.py took 0.089 seconds
[2021-09-21 19:49:12,104] {processor.py:162} INFO - Started process (PID=481) to work on /home/airflow/.local/lib/python3.6/site-packages/airflow/example_dags/example_nested_branch_dag.py
[2021-09-21 19:49:12,105] {processor.py:613} INFO - Processing file /home/airflow/.local/lib/python3.6/site-packages/airflow/example_dags/example_nested_branch_dag.py for tasks to queue
[2021-09-21 19:49:12,105] {logging_mixin.py:109} INFO - [2021-09-21 19:49:12,105] {dagbag.py:496} INFO - Filling up the DagBag from /home/airflow/.local/lib/python3.6/site-packages/airflow/example_dags/example_nested_branch_dag.py
[2021-09-21 19:49:12,122] {processor.py:623} INFO - DAG(s) dict_keys(['example_nested_branch_dag']) retrieved from /home/airflow/.local/lib/python3.6/site-packages/airflow/example_dags/example_nested_branch_dag.py
[2021-09-21 19:49:12,147] {logging_mixin.py:109} INFO - [2021-09-21 19:49:12,147] {dag.py:1834} INFO - Sync 1 DAGs
[2021-09-21 19:49:12,162] {logging_mixin.py:109} INFO - [2021-09-21 19:49:12,162] {dag.py:2287} INFO - Setting next_dagrun for example_nested_branch_dag to 2021-09-19 00:00:00+00:00
[2021-09-21 19:49:12,177] {processor.py:170} INFO - Processing /home/airflow/.local/lib/python3.6/site-packages/airflow/example_dags/example_nested_branch_dag.py took 0.076 seconds
[2021-09-21 19:49:42,725] {processor.py:162} INFO - Started process (PID=534) to work on /home/airflow/.local/lib/python3.6/site-packages/airflow/example_dags/example_nested_branch_dag.py
[2021-09-21 19:49:42,727] {processor.py:613} INFO - Processing file /home/airflow/.local/lib/python3.6/site-packages/airflow/example_dags/example_nested_branch_dag.py for tasks to queue
[2021-09-21 19:49:42,728] {logging_mixin.py:109} INFO - [2021-09-21 19:49:42,728] {dagbag.py:496} INFO - Filling up the DagBag from /home/airflow/.local/lib/python3.6/site-packages/airflow/example_dags/example_nested_branch_dag.py
[2021-09-21 19:49:42,741] {processor.py:623} INFO - DAG(s) dict_keys(['example_nested_branch_dag']) retrieved from /home/airflow/.local/lib/python3.6/site-packages/airflow/example_dags/example_nested_branch_dag.py
[2021-09-21 19:49:42,759] {logging_mixin.py:109} INFO - [2021-09-21 19:49:42,759] {dag.py:1834} INFO - Sync 1 DAGs
[2021-09-21 19:49:42,775] {logging_mixin.py:109} INFO - [2021-09-21 19:49:42,775] {dag.py:2287} INFO - Setting next_dagrun for example_nested_branch_dag to 2021-09-19 00:00:00+00:00
[2021-09-21 19:49:42,802] {processor.py:170} INFO - Processing /home/airflow/.local/lib/python3.6/site-packages/airflow/example_dags/example_nested_branch_dag.py took 0.080 seconds
[2021-09-21 19:50:13,388] {processor.py:162} INFO - Started process (PID=597) to work on /home/airflow/.local/lib/python3.6/site-packages/airflow/example_dags/example_nested_branch_dag.py
[2021-09-21 19:50:13,390] {processor.py:613} INFO - Processing file /home/airflow/.local/lib/python3.6/site-packages/airflow/example_dags/example_nested_branch_dag.py for tasks to queue
[2021-09-21 19:50:13,391] {logging_mixin.py:109} INFO - [2021-09-21 19:50:13,390] {dagbag.py:496} INFO - Filling up the DagBag from /home/airflow/.local/lib/python3.6/site-packages/airflow/example_dags/example_nested_branch_dag.py
[2021-09-21 19:50:13,408] {processor.py:623} INFO - DAG(s) dict_keys(['example_nested_branch_dag']) retrieved from /home/airflow/.local/lib/python3.6/site-packages/airflow/example_dags/example_nested_branch_dag.py
[2021-09-21 19:50:13,433] {logging_mixin.py:109} INFO - [2021-09-21 19:50:13,433] {dag.py:1834} INFO - Sync 1 DAGs
[2021-09-21 19:50:13,456] {logging_mixin.py:109} INFO - [2021-09-21 19:50:13,456] {dag.py:2287} INFO - Setting next_dagrun for example_nested_branch_dag to 2021-09-19 00:00:00+00:00
[2021-09-21 19:50:13,596] {processor.py:170} INFO - Processing /home/airflow/.local/lib/python3.6/site-packages/airflow/example_dags/example_nested_branch_dag.py took 0.212 seconds
[2021-09-21 19:50:44,696] {processor.py:162} INFO - Started process (PID=661) to work on /home/airflow/.local/lib/python3.6/site-packages/airflow/example_dags/example_nested_branch_dag.py
[2021-09-21 19:50:44,698] {processor.py:613} INFO - Processing file /home/airflow/.local/lib/python3.6/site-packages/airflow/example_dags/example_nested_branch_dag.py for tasks to queue
[2021-09-21 19:50:44,698] {logging_mixin.py:109} INFO - [2021-09-21 19:50:44,698] {dagbag.py:496} INFO - Filling up the DagBag from /home/airflow/.local/lib/python3.6/site-packages/airflow/example_dags/example_nested_branch_dag.py
[2021-09-21 19:50:44,717] {processor.py:623} INFO - DAG(s) dict_keys(['example_nested_branch_dag']) retrieved from /home/airflow/.local/lib/python3.6/site-packages/airflow/example_dags/example_nested_branch_dag.py
[2021-09-21 19:50:44,744] {logging_mixin.py:109} INFO - [2021-09-21 19:50:44,744] {dag.py:1834} INFO - Sync 1 DAGs
[2021-09-21 19:50:44,771] {logging_mixin.py:109} INFO - [2021-09-21 19:50:44,771] {dag.py:2287} INFO - Setting next_dagrun for example_nested_branch_dag to 2021-09-19 00:00:00+00:00
[2021-09-21 19:50:44,786] {processor.py:170} INFO - Processing /home/airflow/.local/lib/python3.6/site-packages/airflow/example_dags/example_nested_branch_dag.py took 0.094 seconds
[2021-09-21 19:51:15,069] {processor.py:162} INFO - Started process (PID=715) to work on /home/airflow/.local/lib/python3.6/site-packages/airflow/example_dags/example_nested_branch_dag.py
[2021-09-21 19:51:15,070] {processor.py:613} INFO - Processing file /home/airflow/.local/lib/python3.6/site-packages/airflow/example_dags/example_nested_branch_dag.py for tasks to queue
[2021-09-21 19:51:15,071] {logging_mixin.py:109} INFO - [2021-09-21 19:51:15,071] {dagbag.py:496} INFO - Filling up the DagBag from /home/airflow/.local/lib/python3.6/site-packages/airflow/example_dags/example_nested_branch_dag.py
[2021-09-21 19:51:15,087] {processor.py:623} INFO - DAG(s) dict_keys(['example_nested_branch_dag']) retrieved from /home/airflow/.local/lib/python3.6/site-packages/airflow/example_dags/example_nested_branch_dag.py
[2021-09-21 19:51:15,110] {logging_mixin.py:109} INFO - [2021-09-21 19:51:15,110] {dag.py:1834} INFO - Sync 1 DAGs
[2021-09-21 19:51:15,129] {logging_mixin.py:109} INFO - [2021-09-21 19:51:15,129] {dag.py:2287} INFO - Setting next_dagrun for example_nested_branch_dag to 2021-09-19 00:00:00+00:00
[2021-09-21 19:51:15,165] {processor.py:170} INFO - Processing /home/airflow/.local/lib/python3.6/site-packages/airflow/example_dags/example_nested_branch_dag.py took 0.099 seconds
