[2021-09-21 19:46:22,104] {processor.py:162} INFO - Started process (PID=110) to work on /home/airflow/.local/lib/python3.6/site-packages/airflow/example_dags/example_task_group.py
[2021-09-21 19:46:22,106] {processor.py:613} INFO - Processing file /home/airflow/.local/lib/python3.6/site-packages/airflow/example_dags/example_task_group.py for tasks to queue
[2021-09-21 19:46:22,108] {logging_mixin.py:109} INFO - [2021-09-21 19:46:22,108] {dagbag.py:496} INFO - Filling up the DagBag from /home/airflow/.local/lib/python3.6/site-packages/airflow/example_dags/example_task_group.py
[2021-09-21 19:46:22,122] {processor.py:623} INFO - DAG(s) dict_keys(['example_task_group']) retrieved from /home/airflow/.local/lib/python3.6/site-packages/airflow/example_dags/example_task_group.py
[2021-09-21 19:46:25,304] {logging_mixin.py:109} INFO - [2021-09-21 19:46:25,302] {dag.py:1834} INFO - Sync 1 DAGs
[2021-09-21 19:46:25,322] {logging_mixin.py:109} INFO - [2021-09-21 19:46:25,320] {dag.py:1853} INFO - Creating ORM DAG for example_task_group
[2021-09-21 19:46:25,326] {logging_mixin.py:109} INFO - [2021-09-21 19:46:25,325] {dag.py:2287} INFO - Setting next_dagrun for example_task_group to 2021-09-19 00:00:00+00:00
[2021-09-21 19:46:25,349] {processor.py:170} INFO - Processing /home/airflow/.local/lib/python3.6/site-packages/airflow/example_dags/example_task_group.py took 3.249 seconds
[2021-09-21 19:47:38,951] {processor.py:162} INFO - Started process (PID=299) to work on /home/airflow/.local/lib/python3.6/site-packages/airflow/example_dags/example_task_group.py
[2021-09-21 19:47:38,956] {processor.py:613} INFO - Processing file /home/airflow/.local/lib/python3.6/site-packages/airflow/example_dags/example_task_group.py for tasks to queue
[2021-09-21 19:47:38,957] {logging_mixin.py:109} INFO - [2021-09-21 19:47:38,956] {dagbag.py:496} INFO - Filling up the DagBag from /home/airflow/.local/lib/python3.6/site-packages/airflow/example_dags/example_task_group.py
[2021-09-21 19:47:38,978] {processor.py:623} INFO - DAG(s) dict_keys(['example_task_group']) retrieved from /home/airflow/.local/lib/python3.6/site-packages/airflow/example_dags/example_task_group.py
[2021-09-21 19:47:39,002] {logging_mixin.py:109} INFO - [2021-09-21 19:47:39,002] {dag.py:1834} INFO - Sync 1 DAGs
[2021-09-21 19:47:39,021] {logging_mixin.py:109} INFO - [2021-09-21 19:47:39,021] {dag.py:2287} INFO - Setting next_dagrun for example_task_group to 2021-09-19 00:00:00+00:00
[2021-09-21 19:47:39,046] {processor.py:170} INFO - Processing /home/airflow/.local/lib/python3.6/site-packages/airflow/example_dags/example_task_group.py took 0.099 seconds
[2021-09-21 19:48:10,156] {processor.py:162} INFO - Started process (PID=363) to work on /home/airflow/.local/lib/python3.6/site-packages/airflow/example_dags/example_task_group.py
[2021-09-21 19:48:10,158] {processor.py:613} INFO - Processing file /home/airflow/.local/lib/python3.6/site-packages/airflow/example_dags/example_task_group.py for tasks to queue
[2021-09-21 19:48:10,158] {logging_mixin.py:109} INFO - [2021-09-21 19:48:10,158] {dagbag.py:496} INFO - Filling up the DagBag from /home/airflow/.local/lib/python3.6/site-packages/airflow/example_dags/example_task_group.py
[2021-09-21 19:48:10,173] {processor.py:623} INFO - DAG(s) dict_keys(['example_task_group']) retrieved from /home/airflow/.local/lib/python3.6/site-packages/airflow/example_dags/example_task_group.py
[2021-09-21 19:48:10,244] {logging_mixin.py:109} INFO - [2021-09-21 19:48:10,244] {dag.py:1834} INFO - Sync 1 DAGs
[2021-09-21 19:48:10,276] {logging_mixin.py:109} INFO - [2021-09-21 19:48:10,270] {dag.py:2287} INFO - Setting next_dagrun for example_task_group to 2021-09-19 00:00:00+00:00
[2021-09-21 19:48:10,303] {processor.py:170} INFO - Processing /home/airflow/.local/lib/python3.6/site-packages/airflow/example_dags/example_task_group.py took 0.150 seconds
[2021-09-21 19:48:41,246] {processor.py:162} INFO - Started process (PID=414) to work on /home/airflow/.local/lib/python3.6/site-packages/airflow/example_dags/example_task_group.py
[2021-09-21 19:48:41,248] {processor.py:613} INFO - Processing file /home/airflow/.local/lib/python3.6/site-packages/airflow/example_dags/example_task_group.py for tasks to queue
[2021-09-21 19:48:41,248] {logging_mixin.py:109} INFO - [2021-09-21 19:48:41,248] {dagbag.py:496} INFO - Filling up the DagBag from /home/airflow/.local/lib/python3.6/site-packages/airflow/example_dags/example_task_group.py
[2021-09-21 19:48:41,266] {processor.py:623} INFO - DAG(s) dict_keys(['example_task_group']) retrieved from /home/airflow/.local/lib/python3.6/site-packages/airflow/example_dags/example_task_group.py
[2021-09-21 19:48:41,288] {logging_mixin.py:109} INFO - [2021-09-21 19:48:41,288] {dag.py:1834} INFO - Sync 1 DAGs
[2021-09-21 19:48:41,301] {logging_mixin.py:109} INFO - [2021-09-21 19:48:41,301] {dag.py:2287} INFO - Setting next_dagrun for example_task_group to 2021-09-19 00:00:00+00:00
[2021-09-21 19:48:41,319] {processor.py:170} INFO - Processing /home/airflow/.local/lib/python3.6/site-packages/airflow/example_dags/example_task_group.py took 0.076 seconds
[2021-09-21 19:49:11,656] {processor.py:162} INFO - Started process (PID=476) to work on /home/airflow/.local/lib/python3.6/site-packages/airflow/example_dags/example_task_group.py
[2021-09-21 19:49:11,657] {processor.py:613} INFO - Processing file /home/airflow/.local/lib/python3.6/site-packages/airflow/example_dags/example_task_group.py for tasks to queue
[2021-09-21 19:49:11,658] {logging_mixin.py:109} INFO - [2021-09-21 19:49:11,658] {dagbag.py:496} INFO - Filling up the DagBag from /home/airflow/.local/lib/python3.6/site-packages/airflow/example_dags/example_task_group.py
[2021-09-21 19:49:11,670] {processor.py:623} INFO - DAG(s) dict_keys(['example_task_group']) retrieved from /home/airflow/.local/lib/python3.6/site-packages/airflow/example_dags/example_task_group.py
[2021-09-21 19:49:11,687] {logging_mixin.py:109} INFO - [2021-09-21 19:49:11,686] {dag.py:1834} INFO - Sync 1 DAGs
[2021-09-21 19:49:11,699] {logging_mixin.py:109} INFO - [2021-09-21 19:49:11,699] {dag.py:2287} INFO - Setting next_dagrun for example_task_group to 2021-09-19 00:00:00+00:00
[2021-09-21 19:49:11,722] {processor.py:170} INFO - Processing /home/airflow/.local/lib/python3.6/site-packages/airflow/example_dags/example_task_group.py took 0.068 seconds
[2021-09-21 19:49:42,191] {processor.py:162} INFO - Started process (PID=528) to work on /home/airflow/.local/lib/python3.6/site-packages/airflow/example_dags/example_task_group.py
[2021-09-21 19:49:42,192] {processor.py:613} INFO - Processing file /home/airflow/.local/lib/python3.6/site-packages/airflow/example_dags/example_task_group.py for tasks to queue
[2021-09-21 19:49:42,193] {logging_mixin.py:109} INFO - [2021-09-21 19:49:42,193] {dagbag.py:496} INFO - Filling up the DagBag from /home/airflow/.local/lib/python3.6/site-packages/airflow/example_dags/example_task_group.py
[2021-09-21 19:49:42,205] {processor.py:623} INFO - DAG(s) dict_keys(['example_task_group']) retrieved from /home/airflow/.local/lib/python3.6/site-packages/airflow/example_dags/example_task_group.py
[2021-09-21 19:49:42,226] {logging_mixin.py:109} INFO - [2021-09-21 19:49:42,226] {dag.py:1834} INFO - Sync 1 DAGs
[2021-09-21 19:49:42,240] {logging_mixin.py:109} INFO - [2021-09-21 19:49:42,240] {dag.py:2287} INFO - Setting next_dagrun for example_task_group to 2021-09-19 00:00:00+00:00
[2021-09-21 19:49:42,258] {processor.py:170} INFO - Processing /home/airflow/.local/lib/python3.6/site-packages/airflow/example_dags/example_task_group.py took 0.069 seconds
[2021-09-21 19:50:13,019] {processor.py:162} INFO - Started process (PID=592) to work on /home/airflow/.local/lib/python3.6/site-packages/airflow/example_dags/example_task_group.py
[2021-09-21 19:50:13,020] {processor.py:613} INFO - Processing file /home/airflow/.local/lib/python3.6/site-packages/airflow/example_dags/example_task_group.py for tasks to queue
[2021-09-21 19:50:13,021] {logging_mixin.py:109} INFO - [2021-09-21 19:50:13,021] {dagbag.py:496} INFO - Filling up the DagBag from /home/airflow/.local/lib/python3.6/site-packages/airflow/example_dags/example_task_group.py
[2021-09-21 19:50:13,034] {processor.py:623} INFO - DAG(s) dict_keys(['example_task_group']) retrieved from /home/airflow/.local/lib/python3.6/site-packages/airflow/example_dags/example_task_group.py
[2021-09-21 19:50:13,053] {logging_mixin.py:109} INFO - [2021-09-21 19:50:13,053] {dag.py:1834} INFO - Sync 1 DAGs
[2021-09-21 19:50:13,067] {logging_mixin.py:109} INFO - [2021-09-21 19:50:13,067] {dag.py:2287} INFO - Setting next_dagrun for example_task_group to 2021-09-19 00:00:00+00:00
[2021-09-21 19:50:13,107] {processor.py:170} INFO - Processing /home/airflow/.local/lib/python3.6/site-packages/airflow/example_dags/example_task_group.py took 0.091 seconds
[2021-09-21 19:50:44,169] {processor.py:162} INFO - Started process (PID=655) to work on /home/airflow/.local/lib/python3.6/site-packages/airflow/example_dags/example_task_group.py
[2021-09-21 19:50:44,170] {processor.py:613} INFO - Processing file /home/airflow/.local/lib/python3.6/site-packages/airflow/example_dags/example_task_group.py for tasks to queue
[2021-09-21 19:50:44,171] {logging_mixin.py:109} INFO - [2021-09-21 19:50:44,171] {dagbag.py:496} INFO - Filling up the DagBag from /home/airflow/.local/lib/python3.6/site-packages/airflow/example_dags/example_task_group.py
[2021-09-21 19:50:44,189] {processor.py:623} INFO - DAG(s) dict_keys(['example_task_group']) retrieved from /home/airflow/.local/lib/python3.6/site-packages/airflow/example_dags/example_task_group.py
[2021-09-21 19:50:44,210] {logging_mixin.py:109} INFO - [2021-09-21 19:50:44,210] {dag.py:1834} INFO - Sync 1 DAGs
[2021-09-21 19:50:44,229] {logging_mixin.py:109} INFO - [2021-09-21 19:50:44,229] {dag.py:2287} INFO - Setting next_dagrun for example_task_group to 2021-09-19 00:00:00+00:00
[2021-09-21 19:50:44,265] {processor.py:170} INFO - Processing /home/airflow/.local/lib/python3.6/site-packages/airflow/example_dags/example_task_group.py took 0.100 seconds
[2021-09-21 19:51:14,600] {processor.py:162} INFO - Started process (PID=710) to work on /home/airflow/.local/lib/python3.6/site-packages/airflow/example_dags/example_task_group.py
[2021-09-21 19:51:14,601] {processor.py:613} INFO - Processing file /home/airflow/.local/lib/python3.6/site-packages/airflow/example_dags/example_task_group.py for tasks to queue
[2021-09-21 19:51:14,602] {logging_mixin.py:109} INFO - [2021-09-21 19:51:14,602] {dagbag.py:496} INFO - Filling up the DagBag from /home/airflow/.local/lib/python3.6/site-packages/airflow/example_dags/example_task_group.py
[2021-09-21 19:51:14,616] {processor.py:623} INFO - DAG(s) dict_keys(['example_task_group']) retrieved from /home/airflow/.local/lib/python3.6/site-packages/airflow/example_dags/example_task_group.py
[2021-09-21 19:51:14,635] {logging_mixin.py:109} INFO - [2021-09-21 19:51:14,635] {dag.py:1834} INFO - Sync 1 DAGs
[2021-09-21 19:51:14,648] {logging_mixin.py:109} INFO - [2021-09-21 19:51:14,648] {dag.py:2287} INFO - Setting next_dagrun for example_task_group to 2021-09-19 00:00:00+00:00
[2021-09-21 19:51:14,676] {processor.py:170} INFO - Processing /home/airflow/.local/lib/python3.6/site-packages/airflow/example_dags/example_task_group.py took 0.078 seconds
