[2021-09-21 19:47:32,121] {processor.py:162} INFO - Started process (PID=274) to work on /home/airflow/.local/lib/python3.6/site-packages/airflow/example_dags/example_branch_day_of_week_operator.py
[2021-09-21 19:47:32,123] {processor.py:613} INFO - Processing file /home/airflow/.local/lib/python3.6/site-packages/airflow/example_dags/example_branch_day_of_week_operator.py for tasks to queue
[2021-09-21 19:47:32,124] {logging_mixin.py:109} INFO - [2021-09-21 19:47:32,124] {dagbag.py:496} INFO - Filling up the DagBag from /home/airflow/.local/lib/python3.6/site-packages/airflow/example_dags/example_branch_day_of_week_operator.py
[2021-09-21 19:47:32,999] {processor.py:623} INFO - DAG(s) dict_keys(['example_weekday_branch_operator']) retrieved from /home/airflow/.local/lib/python3.6/site-packages/airflow/example_dags/example_branch_day_of_week_operator.py
[2021-09-21 19:47:35,479] {logging_mixin.py:109} INFO - [2021-09-21 19:47:35,476] {dag.py:1834} INFO - Sync 1 DAGs
[2021-09-21 19:47:35,510] {logging_mixin.py:109} INFO - [2021-09-21 19:47:35,505] {dag.py:1853} INFO - Creating ORM DAG for example_weekday_branch_operator
[2021-09-21 19:47:35,527] {logging_mixin.py:109} INFO - [2021-09-21 19:47:35,527] {dag.py:2287} INFO - Setting next_dagrun for example_weekday_branch_operator to 2021-09-19 00:00:00+00:00
[2021-09-21 19:47:35,558] {processor.py:170} INFO - Processing /home/airflow/.local/lib/python3.6/site-packages/airflow/example_dags/example_branch_day_of_week_operator.py took 3.443 seconds
[2021-09-21 19:48:05,777] {processor.py:162} INFO - Started process (PID=343) to work on /home/airflow/.local/lib/python3.6/site-packages/airflow/example_dags/example_branch_day_of_week_operator.py
[2021-09-21 19:48:05,881] {processor.py:613} INFO - Processing file /home/airflow/.local/lib/python3.6/site-packages/airflow/example_dags/example_branch_day_of_week_operator.py for tasks to queue
[2021-09-21 19:48:05,882] {logging_mixin.py:109} INFO - [2021-09-21 19:48:05,882] {dagbag.py:496} INFO - Filling up the DagBag from /home/airflow/.local/lib/python3.6/site-packages/airflow/example_dags/example_branch_day_of_week_operator.py
[2021-09-21 19:48:05,930] {processor.py:623} INFO - DAG(s) dict_keys(['example_weekday_branch_operator']) retrieved from /home/airflow/.local/lib/python3.6/site-packages/airflow/example_dags/example_branch_day_of_week_operator.py
[2021-09-21 19:48:05,971] {logging_mixin.py:109} INFO - [2021-09-21 19:48:05,970] {dag.py:1834} INFO - Sync 1 DAGs
[2021-09-21 19:48:06,016] {logging_mixin.py:109} INFO - [2021-09-21 19:48:06,015] {dag.py:2287} INFO - Setting next_dagrun for example_weekday_branch_operator to 2021-09-19 00:00:00+00:00
[2021-09-21 19:48:06,214] {processor.py:170} INFO - Processing /home/airflow/.local/lib/python3.6/site-packages/airflow/example_dags/example_branch_day_of_week_operator.py took 0.441 seconds
[2021-09-21 19:48:36,543] {processor.py:162} INFO - Started process (PID=405) to work on /home/airflow/.local/lib/python3.6/site-packages/airflow/example_dags/example_branch_day_of_week_operator.py
[2021-09-21 19:48:36,544] {processor.py:613} INFO - Processing file /home/airflow/.local/lib/python3.6/site-packages/airflow/example_dags/example_branch_day_of_week_operator.py for tasks to queue
[2021-09-21 19:48:36,545] {logging_mixin.py:109} INFO - [2021-09-21 19:48:36,545] {dagbag.py:496} INFO - Filling up the DagBag from /home/airflow/.local/lib/python3.6/site-packages/airflow/example_dags/example_branch_day_of_week_operator.py
[2021-09-21 19:48:36,565] {processor.py:623} INFO - DAG(s) dict_keys(['example_weekday_branch_operator']) retrieved from /home/airflow/.local/lib/python3.6/site-packages/airflow/example_dags/example_branch_day_of_week_operator.py
[2021-09-21 19:48:36,597] {logging_mixin.py:109} INFO - [2021-09-21 19:48:36,597] {dag.py:1834} INFO - Sync 1 DAGs
[2021-09-21 19:48:36,621] {logging_mixin.py:109} INFO - [2021-09-21 19:48:36,621] {dag.py:2287} INFO - Setting next_dagrun for example_weekday_branch_operator to 2021-09-19 00:00:00+00:00
[2021-09-21 19:48:36,719] {processor.py:170} INFO - Processing /home/airflow/.local/lib/python3.6/site-packages/airflow/example_dags/example_branch_day_of_week_operator.py took 0.182 seconds
[2021-09-21 19:49:07,016] {processor.py:162} INFO - Started process (PID=457) to work on /home/airflow/.local/lib/python3.6/site-packages/airflow/example_dags/example_branch_day_of_week_operator.py
[2021-09-21 19:49:07,031] {processor.py:613} INFO - Processing file /home/airflow/.local/lib/python3.6/site-packages/airflow/example_dags/example_branch_day_of_week_operator.py for tasks to queue
[2021-09-21 19:49:07,033] {logging_mixin.py:109} INFO - [2021-09-21 19:49:07,033] {dagbag.py:496} INFO - Filling up the DagBag from /home/airflow/.local/lib/python3.6/site-packages/airflow/example_dags/example_branch_day_of_week_operator.py
[2021-09-21 19:49:07,079] {processor.py:623} INFO - DAG(s) dict_keys(['example_weekday_branch_operator']) retrieved from /home/airflow/.local/lib/python3.6/site-packages/airflow/example_dags/example_branch_day_of_week_operator.py
[2021-09-21 19:49:07,109] {logging_mixin.py:109} INFO - [2021-09-21 19:49:07,108] {dag.py:1834} INFO - Sync 1 DAGs
[2021-09-21 19:49:07,133] {logging_mixin.py:109} INFO - [2021-09-21 19:49:07,132] {dag.py:2287} INFO - Setting next_dagrun for example_weekday_branch_operator to 2021-09-19 00:00:00+00:00
[2021-09-21 19:49:07,177] {processor.py:170} INFO - Processing /home/airflow/.local/lib/python3.6/site-packages/airflow/example_dags/example_branch_day_of_week_operator.py took 0.172 seconds
[2021-09-21 19:49:37,363] {processor.py:162} INFO - Started process (PID=520) to work on /home/airflow/.local/lib/python3.6/site-packages/airflow/example_dags/example_branch_day_of_week_operator.py
[2021-09-21 19:49:37,364] {processor.py:613} INFO - Processing file /home/airflow/.local/lib/python3.6/site-packages/airflow/example_dags/example_branch_day_of_week_operator.py for tasks to queue
[2021-09-21 19:49:37,365] {logging_mixin.py:109} INFO - [2021-09-21 19:49:37,365] {dagbag.py:496} INFO - Filling up the DagBag from /home/airflow/.local/lib/python3.6/site-packages/airflow/example_dags/example_branch_day_of_week_operator.py
[2021-09-21 19:49:37,378] {processor.py:623} INFO - DAG(s) dict_keys(['example_weekday_branch_operator']) retrieved from /home/airflow/.local/lib/python3.6/site-packages/airflow/example_dags/example_branch_day_of_week_operator.py
[2021-09-21 19:49:37,395] {logging_mixin.py:109} INFO - [2021-09-21 19:49:37,395] {dag.py:1834} INFO - Sync 1 DAGs
[2021-09-21 19:49:37,412] {logging_mixin.py:109} INFO - [2021-09-21 19:49:37,411] {dag.py:2287} INFO - Setting next_dagrun for example_weekday_branch_operator to 2021-09-19 00:00:00+00:00
[2021-09-21 19:49:37,437] {processor.py:170} INFO - Processing /home/airflow/.local/lib/python3.6/site-packages/airflow/example_dags/example_branch_day_of_week_operator.py took 0.077 seconds
[2021-09-21 19:50:08,411] {processor.py:162} INFO - Started process (PID=582) to work on /home/airflow/.local/lib/python3.6/site-packages/airflow/example_dags/example_branch_day_of_week_operator.py
[2021-09-21 19:50:08,444] {processor.py:613} INFO - Processing file /home/airflow/.local/lib/python3.6/site-packages/airflow/example_dags/example_branch_day_of_week_operator.py for tasks to queue
[2021-09-21 19:50:08,445] {logging_mixin.py:109} INFO - [2021-09-21 19:50:08,445] {dagbag.py:496} INFO - Filling up the DagBag from /home/airflow/.local/lib/python3.6/site-packages/airflow/example_dags/example_branch_day_of_week_operator.py
[2021-09-21 19:50:08,460] {processor.py:623} INFO - DAG(s) dict_keys(['example_weekday_branch_operator']) retrieved from /home/airflow/.local/lib/python3.6/site-packages/airflow/example_dags/example_branch_day_of_week_operator.py
[2021-09-21 19:50:08,479] {logging_mixin.py:109} INFO - [2021-09-21 19:50:08,479] {dag.py:1834} INFO - Sync 1 DAGs
[2021-09-21 19:50:08,500] {logging_mixin.py:109} INFO - [2021-09-21 19:50:08,500] {dag.py:2287} INFO - Setting next_dagrun for example_weekday_branch_operator to 2021-09-19 00:00:00+00:00
[2021-09-21 19:50:08,537] {processor.py:170} INFO - Processing /home/airflow/.local/lib/python3.6/site-packages/airflow/example_dags/example_branch_day_of_week_operator.py took 0.129 seconds
[2021-09-21 19:50:39,300] {processor.py:162} INFO - Started process (PID=636) to work on /home/airflow/.local/lib/python3.6/site-packages/airflow/example_dags/example_branch_day_of_week_operator.py
[2021-09-21 19:50:39,302] {processor.py:613} INFO - Processing file /home/airflow/.local/lib/python3.6/site-packages/airflow/example_dags/example_branch_day_of_week_operator.py for tasks to queue
[2021-09-21 19:50:39,303] {logging_mixin.py:109} INFO - [2021-09-21 19:50:39,303] {dagbag.py:496} INFO - Filling up the DagBag from /home/airflow/.local/lib/python3.6/site-packages/airflow/example_dags/example_branch_day_of_week_operator.py
[2021-09-21 19:50:39,320] {processor.py:623} INFO - DAG(s) dict_keys(['example_weekday_branch_operator']) retrieved from /home/airflow/.local/lib/python3.6/site-packages/airflow/example_dags/example_branch_day_of_week_operator.py
[2021-09-21 19:50:39,339] {logging_mixin.py:109} INFO - [2021-09-21 19:50:39,339] {dag.py:1834} INFO - Sync 1 DAGs
[2021-09-21 19:50:39,355] {logging_mixin.py:109} INFO - [2021-09-21 19:50:39,354] {dag.py:2287} INFO - Setting next_dagrun for example_weekday_branch_operator to 2021-09-19 00:00:00+00:00
[2021-09-21 19:50:39,571] {processor.py:170} INFO - Processing /home/airflow/.local/lib/python3.6/site-packages/airflow/example_dags/example_branch_day_of_week_operator.py took 0.278 seconds
[2021-09-21 19:51:09,997] {processor.py:162} INFO - Started process (PID=701) to work on /home/airflow/.local/lib/python3.6/site-packages/airflow/example_dags/example_branch_day_of_week_operator.py
[2021-09-21 19:51:10,072] {processor.py:613} INFO - Processing file /home/airflow/.local/lib/python3.6/site-packages/airflow/example_dags/example_branch_day_of_week_operator.py for tasks to queue
[2021-09-21 19:51:10,075] {logging_mixin.py:109} INFO - [2021-09-21 19:51:10,075] {dagbag.py:496} INFO - Filling up the DagBag from /home/airflow/.local/lib/python3.6/site-packages/airflow/example_dags/example_branch_day_of_week_operator.py
[2021-09-21 19:51:10,097] {processor.py:623} INFO - DAG(s) dict_keys(['example_weekday_branch_operator']) retrieved from /home/airflow/.local/lib/python3.6/site-packages/airflow/example_dags/example_branch_day_of_week_operator.py
[2021-09-21 19:51:10,117] {logging_mixin.py:109} INFO - [2021-09-21 19:51:10,117] {dag.py:1834} INFO - Sync 1 DAGs
[2021-09-21 19:51:10,133] {logging_mixin.py:109} INFO - [2021-09-21 19:51:10,133] {dag.py:2287} INFO - Setting next_dagrun for example_weekday_branch_operator to 2021-09-19 00:00:00+00:00
[2021-09-21 19:51:10,164] {processor.py:170} INFO - Processing /home/airflow/.local/lib/python3.6/site-packages/airflow/example_dags/example_branch_day_of_week_operator.py took 0.185 seconds
[2021-09-21 19:51:40,534] {processor.py:162} INFO - Started process (PID=752) to work on /home/airflow/.local/lib/python3.6/site-packages/airflow/example_dags/example_branch_day_of_week_operator.py
[2021-09-21 19:51:40,538] {processor.py:613} INFO - Processing file /home/airflow/.local/lib/python3.6/site-packages/airflow/example_dags/example_branch_day_of_week_operator.py for tasks to queue
[2021-09-21 19:51:40,541] {logging_mixin.py:109} INFO - [2021-09-21 19:51:40,540] {dagbag.py:496} INFO - Filling up the DagBag from /home/airflow/.local/lib/python3.6/site-packages/airflow/example_dags/example_branch_day_of_week_operator.py
[2021-09-21 19:51:40,587] {processor.py:623} INFO - DAG(s) dict_keys(['example_weekday_branch_operator']) retrieved from /home/airflow/.local/lib/python3.6/site-packages/airflow/example_dags/example_branch_day_of_week_operator.py
[2021-09-21 19:51:40,643] {logging_mixin.py:109} INFO - [2021-09-21 19:51:40,642] {dag.py:1834} INFO - Sync 1 DAGs
[2021-09-21 19:51:40,660] {logging_mixin.py:109} INFO - [2021-09-21 19:51:40,660] {dag.py:2287} INFO - Setting next_dagrun for example_weekday_branch_operator to 2021-09-19 00:00:00+00:00
[2021-09-21 19:51:40,772] {processor.py:170} INFO - Processing /home/airflow/.local/lib/python3.6/site-packages/airflow/example_dags/example_branch_day_of_week_operator.py took 0.250 seconds
