[2021-09-21 19:47:14,831] {processor.py:162} INFO - Started process (PID=200) to work on /home/airflow/.local/lib/python3.6/site-packages/airflow/example_dags/example_branch_labels.py
[2021-09-21 19:47:14,832] {processor.py:613} INFO - Processing file /home/airflow/.local/lib/python3.6/site-packages/airflow/example_dags/example_branch_labels.py for tasks to queue
[2021-09-21 19:47:14,832] {logging_mixin.py:109} INFO - [2021-09-21 19:47:14,832] {dagbag.py:496} INFO - Filling up the DagBag from /home/airflow/.local/lib/python3.6/site-packages/airflow/example_dags/example_branch_labels.py
[2021-09-21 19:47:15,110] {processor.py:623} INFO - DAG(s) dict_keys(['example_branch_labels']) retrieved from /home/airflow/.local/lib/python3.6/site-packages/airflow/example_dags/example_branch_labels.py
[2021-09-21 19:47:18,808] {logging_mixin.py:109} INFO - [2021-09-21 19:47:18,807] {dag.py:1834} INFO - Sync 1 DAGs
[2021-09-21 19:47:18,818] {logging_mixin.py:109} INFO - [2021-09-21 19:47:18,817] {dag.py:1853} INFO - Creating ORM DAG for example_branch_labels
[2021-09-21 19:47:18,824] {logging_mixin.py:109} INFO - [2021-09-21 19:47:18,824] {dag.py:2287} INFO - Setting next_dagrun for example_branch_labels to 2021-09-19 00:00:00+00:00
[2021-09-21 19:47:18,842] {processor.py:170} INFO - Processing /home/airflow/.local/lib/python3.6/site-packages/airflow/example_dags/example_branch_labels.py took 4.568 seconds
[2021-09-21 19:47:48,994] {processor.py:162} INFO - Started process (PID=321) to work on /home/airflow/.local/lib/python3.6/site-packages/airflow/example_dags/example_branch_labels.py
[2021-09-21 19:47:49,011] {processor.py:613} INFO - Processing file /home/airflow/.local/lib/python3.6/site-packages/airflow/example_dags/example_branch_labels.py for tasks to queue
[2021-09-21 19:47:49,013] {logging_mixin.py:109} INFO - [2021-09-21 19:47:49,013] {dagbag.py:496} INFO - Filling up the DagBag from /home/airflow/.local/lib/python3.6/site-packages/airflow/example_dags/example_branch_labels.py
[2021-09-21 19:47:49,047] {processor.py:623} INFO - DAG(s) dict_keys(['example_branch_labels']) retrieved from /home/airflow/.local/lib/python3.6/site-packages/airflow/example_dags/example_branch_labels.py
[2021-09-21 19:47:49,107] {logging_mixin.py:109} INFO - [2021-09-21 19:47:49,107] {dag.py:1834} INFO - Sync 1 DAGs
[2021-09-21 19:47:49,135] {logging_mixin.py:109} INFO - [2021-09-21 19:47:49,135] {dag.py:2287} INFO - Setting next_dagrun for example_branch_labels to 2021-09-19 00:00:00+00:00
[2021-09-21 19:47:49,498] {processor.py:170} INFO - Processing /home/airflow/.local/lib/python3.6/site-packages/airflow/example_dags/example_branch_labels.py took 0.513 seconds
[2021-09-21 19:48:19,731] {processor.py:162} INFO - Started process (PID=374) to work on /home/airflow/.local/lib/python3.6/site-packages/airflow/example_dags/example_branch_labels.py
[2021-09-21 19:48:19,733] {processor.py:613} INFO - Processing file /home/airflow/.local/lib/python3.6/site-packages/airflow/example_dags/example_branch_labels.py for tasks to queue
[2021-09-21 19:48:19,734] {logging_mixin.py:109} INFO - [2021-09-21 19:48:19,734] {dagbag.py:496} INFO - Filling up the DagBag from /home/airflow/.local/lib/python3.6/site-packages/airflow/example_dags/example_branch_labels.py
[2021-09-21 19:48:19,749] {processor.py:623} INFO - DAG(s) dict_keys(['example_branch_labels']) retrieved from /home/airflow/.local/lib/python3.6/site-packages/airflow/example_dags/example_branch_labels.py
[2021-09-21 19:48:19,771] {logging_mixin.py:109} INFO - [2021-09-21 19:48:19,771] {dag.py:1834} INFO - Sync 1 DAGs
[2021-09-21 19:48:19,787] {logging_mixin.py:109} INFO - [2021-09-21 19:48:19,787] {dag.py:2287} INFO - Setting next_dagrun for example_branch_labels to 2021-09-19 00:00:00+00:00
[2021-09-21 19:48:19,899] {processor.py:170} INFO - Processing /home/airflow/.local/lib/python3.6/site-packages/airflow/example_dags/example_branch_labels.py took 0.175 seconds
[2021-09-21 19:48:50,083] {processor.py:162} INFO - Started process (PID=435) to work on /home/airflow/.local/lib/python3.6/site-packages/airflow/example_dags/example_branch_labels.py
[2021-09-21 19:48:50,109] {processor.py:613} INFO - Processing file /home/airflow/.local/lib/python3.6/site-packages/airflow/example_dags/example_branch_labels.py for tasks to queue
[2021-09-21 19:48:50,110] {logging_mixin.py:109} INFO - [2021-09-21 19:48:50,109] {dagbag.py:496} INFO - Filling up the DagBag from /home/airflow/.local/lib/python3.6/site-packages/airflow/example_dags/example_branch_labels.py
[2021-09-21 19:48:50,142] {processor.py:623} INFO - DAG(s) dict_keys(['example_branch_labels']) retrieved from /home/airflow/.local/lib/python3.6/site-packages/airflow/example_dags/example_branch_labels.py
[2021-09-21 19:48:50,170] {logging_mixin.py:109} INFO - [2021-09-21 19:48:50,170] {dag.py:1834} INFO - Sync 1 DAGs
[2021-09-21 19:48:50,190] {logging_mixin.py:109} INFO - [2021-09-21 19:48:50,190] {dag.py:2287} INFO - Setting next_dagrun for example_branch_labels to 2021-09-19 00:00:00+00:00
[2021-09-21 19:48:50,209] {processor.py:170} INFO - Processing /home/airflow/.local/lib/python3.6/site-packages/airflow/example_dags/example_branch_labels.py took 0.130 seconds
[2021-09-21 19:49:20,498] {processor.py:162} INFO - Started process (PID=496) to work on /home/airflow/.local/lib/python3.6/site-packages/airflow/example_dags/example_branch_labels.py
[2021-09-21 19:49:20,499] {processor.py:613} INFO - Processing file /home/airflow/.local/lib/python3.6/site-packages/airflow/example_dags/example_branch_labels.py for tasks to queue
[2021-09-21 19:49:20,500] {logging_mixin.py:109} INFO - [2021-09-21 19:49:20,500] {dagbag.py:496} INFO - Filling up the DagBag from /home/airflow/.local/lib/python3.6/site-packages/airflow/example_dags/example_branch_labels.py
[2021-09-21 19:49:20,514] {processor.py:623} INFO - DAG(s) dict_keys(['example_branch_labels']) retrieved from /home/airflow/.local/lib/python3.6/site-packages/airflow/example_dags/example_branch_labels.py
[2021-09-21 19:49:20,531] {logging_mixin.py:109} INFO - [2021-09-21 19:49:20,531] {dag.py:1834} INFO - Sync 1 DAGs
[2021-09-21 19:49:20,545] {logging_mixin.py:109} INFO - [2021-09-21 19:49:20,545] {dag.py:2287} INFO - Setting next_dagrun for example_branch_labels to 2021-09-19 00:00:00+00:00
[2021-09-21 19:49:20,633] {processor.py:170} INFO - Processing /home/airflow/.local/lib/python3.6/site-packages/airflow/example_dags/example_branch_labels.py took 0.139 seconds
[2021-09-21 19:49:51,157] {processor.py:162} INFO - Started process (PID=551) to work on /home/airflow/.local/lib/python3.6/site-packages/airflow/example_dags/example_branch_labels.py
[2021-09-21 19:49:51,699] {processor.py:613} INFO - Processing file /home/airflow/.local/lib/python3.6/site-packages/airflow/example_dags/example_branch_labels.py for tasks to queue
[2021-09-21 19:49:51,700] {logging_mixin.py:109} INFO - [2021-09-21 19:49:51,699] {dagbag.py:496} INFO - Filling up the DagBag from /home/airflow/.local/lib/python3.6/site-packages/airflow/example_dags/example_branch_labels.py
[2021-09-21 19:49:51,710] {processor.py:623} INFO - DAG(s) dict_keys(['example_branch_labels']) retrieved from /home/airflow/.local/lib/python3.6/site-packages/airflow/example_dags/example_branch_labels.py
[2021-09-21 19:49:51,730] {logging_mixin.py:109} INFO - [2021-09-21 19:49:51,730] {dag.py:1834} INFO - Sync 1 DAGs
[2021-09-21 19:49:51,746] {logging_mixin.py:109} INFO - [2021-09-21 19:49:51,746] {dag.py:2287} INFO - Setting next_dagrun for example_branch_labels to 2021-09-19 00:00:00+00:00
[2021-09-21 19:49:51,836] {processor.py:170} INFO - Processing /home/airflow/.local/lib/python3.6/site-packages/airflow/example_dags/example_branch_labels.py took 0.682 seconds
[2021-09-21 19:50:22,057] {processor.py:162} INFO - Started process (PID=615) to work on /home/airflow/.local/lib/python3.6/site-packages/airflow/example_dags/example_branch_labels.py
[2021-09-21 19:50:22,063] {processor.py:613} INFO - Processing file /home/airflow/.local/lib/python3.6/site-packages/airflow/example_dags/example_branch_labels.py for tasks to queue
[2021-09-21 19:50:22,065] {logging_mixin.py:109} INFO - [2021-09-21 19:50:22,064] {dagbag.py:496} INFO - Filling up the DagBag from /home/airflow/.local/lib/python3.6/site-packages/airflow/example_dags/example_branch_labels.py
[2021-09-21 19:50:22,100] {processor.py:623} INFO - DAG(s) dict_keys(['example_branch_labels']) retrieved from /home/airflow/.local/lib/python3.6/site-packages/airflow/example_dags/example_branch_labels.py
[2021-09-21 19:50:22,140] {logging_mixin.py:109} INFO - [2021-09-21 19:50:22,140] {dag.py:1834} INFO - Sync 1 DAGs
[2021-09-21 19:50:22,158] {logging_mixin.py:109} INFO - [2021-09-21 19:50:22,158] {dag.py:2287} INFO - Setting next_dagrun for example_branch_labels to 2021-09-19 00:00:00+00:00
[2021-09-21 19:50:22,171] {processor.py:170} INFO - Processing /home/airflow/.local/lib/python3.6/site-packages/airflow/example_dags/example_branch_labels.py took 0.128 seconds
[2021-09-21 19:50:52,214] {processor.py:162} INFO - Started process (PID=667) to work on /home/airflow/.local/lib/python3.6/site-packages/airflow/example_dags/example_branch_labels.py
[2021-09-21 19:50:52,216] {processor.py:613} INFO - Processing file /home/airflow/.local/lib/python3.6/site-packages/airflow/example_dags/example_branch_labels.py for tasks to queue
[2021-09-21 19:50:52,217] {logging_mixin.py:109} INFO - [2021-09-21 19:50:52,216] {dagbag.py:496} INFO - Filling up the DagBag from /home/airflow/.local/lib/python3.6/site-packages/airflow/example_dags/example_branch_labels.py
[2021-09-21 19:50:52,233] {processor.py:623} INFO - DAG(s) dict_keys(['example_branch_labels']) retrieved from /home/airflow/.local/lib/python3.6/site-packages/airflow/example_dags/example_branch_labels.py
[2021-09-21 19:50:52,249] {logging_mixin.py:109} INFO - [2021-09-21 19:50:52,249] {dag.py:1834} INFO - Sync 1 DAGs
[2021-09-21 19:50:52,264] {logging_mixin.py:109} INFO - [2021-09-21 19:50:52,264] {dag.py:2287} INFO - Setting next_dagrun for example_branch_labels to 2021-09-19 00:00:00+00:00
[2021-09-21 19:50:52,308] {processor.py:170} INFO - Processing /home/airflow/.local/lib/python3.6/site-packages/airflow/example_dags/example_branch_labels.py took 0.100 seconds
[2021-09-21 19:51:22,487] {processor.py:162} INFO - Started process (PID=731) to work on /home/airflow/.local/lib/python3.6/site-packages/airflow/example_dags/example_branch_labels.py
[2021-09-21 19:51:22,563] {processor.py:613} INFO - Processing file /home/airflow/.local/lib/python3.6/site-packages/airflow/example_dags/example_branch_labels.py for tasks to queue
[2021-09-21 19:51:22,563] {logging_mixin.py:109} INFO - [2021-09-21 19:51:22,563] {dagbag.py:496} INFO - Filling up the DagBag from /home/airflow/.local/lib/python3.6/site-packages/airflow/example_dags/example_branch_labels.py
[2021-09-21 19:51:22,577] {processor.py:623} INFO - DAG(s) dict_keys(['example_branch_labels']) retrieved from /home/airflow/.local/lib/python3.6/site-packages/airflow/example_dags/example_branch_labels.py
[2021-09-21 19:51:22,600] {logging_mixin.py:109} INFO - [2021-09-21 19:51:22,600] {dag.py:1834} INFO - Sync 1 DAGs
[2021-09-21 19:51:22,619] {logging_mixin.py:109} INFO - [2021-09-21 19:51:22,619] {dag.py:2287} INFO - Setting next_dagrun for example_branch_labels to 2021-09-19 00:00:00+00:00
[2021-09-21 19:51:22,677] {processor.py:170} INFO - Processing /home/airflow/.local/lib/python3.6/site-packages/airflow/example_dags/example_branch_labels.py took 0.197 seconds
