[2021-09-21 19:47:35,591] {processor.py:162} INFO - Started process (PID=283) to work on /home/airflow/.local/lib/python3.6/site-packages/airflow/example_dags/example_kubernetes_executor.py
[2021-09-21 19:47:35,593] {processor.py:613} INFO - Processing file /home/airflow/.local/lib/python3.6/site-packages/airflow/example_dags/example_kubernetes_executor.py for tasks to queue
[2021-09-21 19:47:35,594] {logging_mixin.py:109} INFO - [2021-09-21 19:47:35,594] {dagbag.py:496} INFO - Filling up the DagBag from /home/airflow/.local/lib/python3.6/site-packages/airflow/example_dags/example_kubernetes_executor.py
[2021-09-21 19:47:35,640] {processor.py:623} INFO - DAG(s) dict_keys(['example_kubernetes_executor']) retrieved from /home/airflow/.local/lib/python3.6/site-packages/airflow/example_dags/example_kubernetes_executor.py
[2021-09-21 19:47:38,177] {logging_mixin.py:109} INFO - [2021-09-21 19:47:38,176] {dag.py:1834} INFO - Sync 1 DAGs
[2021-09-21 19:47:38,187] {logging_mixin.py:109} INFO - [2021-09-21 19:47:38,186] {dag.py:1853} INFO - Creating ORM DAG for example_kubernetes_executor
[2021-09-21 19:47:38,191] {logging_mixin.py:109} INFO - [2021-09-21 19:47:38,191] {dag.py:2287} INFO - Setting next_dagrun for example_kubernetes_executor to None
[2021-09-21 19:47:38,211] {processor.py:170} INFO - Processing /home/airflow/.local/lib/python3.6/site-packages/airflow/example_dags/example_kubernetes_executor.py took 2.626 seconds
[2021-09-21 19:48:08,428] {processor.py:162} INFO - Started process (PID=355) to work on /home/airflow/.local/lib/python3.6/site-packages/airflow/example_dags/example_kubernetes_executor.py
[2021-09-21 19:48:08,430] {processor.py:613} INFO - Processing file /home/airflow/.local/lib/python3.6/site-packages/airflow/example_dags/example_kubernetes_executor.py for tasks to queue
[2021-09-21 19:48:08,431] {logging_mixin.py:109} INFO - [2021-09-21 19:48:08,431] {dagbag.py:496} INFO - Filling up the DagBag from /home/airflow/.local/lib/python3.6/site-packages/airflow/example_dags/example_kubernetes_executor.py
[2021-09-21 19:48:08,446] {processor.py:623} INFO - DAG(s) dict_keys(['example_kubernetes_executor']) retrieved from /home/airflow/.local/lib/python3.6/site-packages/airflow/example_dags/example_kubernetes_executor.py
[2021-09-21 19:48:08,474] {logging_mixin.py:109} INFO - [2021-09-21 19:48:08,474] {dag.py:1834} INFO - Sync 1 DAGs
[2021-09-21 19:48:08,488] {logging_mixin.py:109} INFO - [2021-09-21 19:48:08,488] {dag.py:2287} INFO - Setting next_dagrun for example_kubernetes_executor to None
[2021-09-21 19:48:08,514] {processor.py:170} INFO - Processing /home/airflow/.local/lib/python3.6/site-packages/airflow/example_dags/example_kubernetes_executor.py took 0.090 seconds
[2021-09-21 19:48:38,745] {processor.py:162} INFO - Started process (PID=407) to work on /home/airflow/.local/lib/python3.6/site-packages/airflow/example_dags/example_kubernetes_executor.py
[2021-09-21 19:48:38,747] {processor.py:613} INFO - Processing file /home/airflow/.local/lib/python3.6/site-packages/airflow/example_dags/example_kubernetes_executor.py for tasks to queue
[2021-09-21 19:48:38,747] {logging_mixin.py:109} INFO - [2021-09-21 19:48:38,747] {dagbag.py:496} INFO - Filling up the DagBag from /home/airflow/.local/lib/python3.6/site-packages/airflow/example_dags/example_kubernetes_executor.py
[2021-09-21 19:48:38,762] {processor.py:623} INFO - DAG(s) dict_keys(['example_kubernetes_executor']) retrieved from /home/airflow/.local/lib/python3.6/site-packages/airflow/example_dags/example_kubernetes_executor.py
[2021-09-21 19:48:38,781] {logging_mixin.py:109} INFO - [2021-09-21 19:48:38,781] {dag.py:1834} INFO - Sync 1 DAGs
[2021-09-21 19:48:38,795] {logging_mixin.py:109} INFO - [2021-09-21 19:48:38,795] {dag.py:2287} INFO - Setting next_dagrun for example_kubernetes_executor to None
[2021-09-21 19:48:38,831] {processor.py:170} INFO - Processing /home/airflow/.local/lib/python3.6/site-packages/airflow/example_dags/example_kubernetes_executor.py took 0.091 seconds
[2021-09-21 19:49:09,198] {processor.py:162} INFO - Started process (PID=469) to work on /home/airflow/.local/lib/python3.6/site-packages/airflow/example_dags/example_kubernetes_executor.py
[2021-09-21 19:49:09,263] {processor.py:613} INFO - Processing file /home/airflow/.local/lib/python3.6/site-packages/airflow/example_dags/example_kubernetes_executor.py for tasks to queue
[2021-09-21 19:49:09,264] {logging_mixin.py:109} INFO - [2021-09-21 19:49:09,264] {dagbag.py:496} INFO - Filling up the DagBag from /home/airflow/.local/lib/python3.6/site-packages/airflow/example_dags/example_kubernetes_executor.py
[2021-09-21 19:49:09,279] {processor.py:623} INFO - DAG(s) dict_keys(['example_kubernetes_executor']) retrieved from /home/airflow/.local/lib/python3.6/site-packages/airflow/example_dags/example_kubernetes_executor.py
[2021-09-21 19:49:09,296] {logging_mixin.py:109} INFO - [2021-09-21 19:49:09,296] {dag.py:1834} INFO - Sync 1 DAGs
[2021-09-21 19:49:09,307] {logging_mixin.py:109} INFO - [2021-09-21 19:49:09,307] {dag.py:2287} INFO - Setting next_dagrun for example_kubernetes_executor to None
[2021-09-21 19:49:09,378] {processor.py:170} INFO - Processing /home/airflow/.local/lib/python3.6/site-packages/airflow/example_dags/example_kubernetes_executor.py took 0.186 seconds
[2021-09-21 19:49:39,457] {processor.py:162} INFO - Started process (PID=522) to work on /home/airflow/.local/lib/python3.6/site-packages/airflow/example_dags/example_kubernetes_executor.py
[2021-09-21 19:49:39,458] {processor.py:613} INFO - Processing file /home/airflow/.local/lib/python3.6/site-packages/airflow/example_dags/example_kubernetes_executor.py for tasks to queue
[2021-09-21 19:49:39,459] {logging_mixin.py:109} INFO - [2021-09-21 19:49:39,459] {dagbag.py:496} INFO - Filling up the DagBag from /home/airflow/.local/lib/python3.6/site-packages/airflow/example_dags/example_kubernetes_executor.py
[2021-09-21 19:49:39,474] {processor.py:623} INFO - DAG(s) dict_keys(['example_kubernetes_executor']) retrieved from /home/airflow/.local/lib/python3.6/site-packages/airflow/example_dags/example_kubernetes_executor.py
[2021-09-21 19:49:39,508] {logging_mixin.py:109} INFO - [2021-09-21 19:49:39,508] {dag.py:1834} INFO - Sync 1 DAGs
[2021-09-21 19:49:39,524] {logging_mixin.py:109} INFO - [2021-09-21 19:49:39,524] {dag.py:2287} INFO - Setting next_dagrun for example_kubernetes_executor to None
[2021-09-21 19:49:39,580] {processor.py:170} INFO - Processing /home/airflow/.local/lib/python3.6/site-packages/airflow/example_dags/example_kubernetes_executor.py took 0.125 seconds
[2021-09-21 19:50:10,571] {processor.py:162} INFO - Started process (PID=585) to work on /home/airflow/.local/lib/python3.6/site-packages/airflow/example_dags/example_kubernetes_executor.py
[2021-09-21 19:50:10,627] {processor.py:613} INFO - Processing file /home/airflow/.local/lib/python3.6/site-packages/airflow/example_dags/example_kubernetes_executor.py for tasks to queue
[2021-09-21 19:50:10,627] {logging_mixin.py:109} INFO - [2021-09-21 19:50:10,627] {dagbag.py:496} INFO - Filling up the DagBag from /home/airflow/.local/lib/python3.6/site-packages/airflow/example_dags/example_kubernetes_executor.py
[2021-09-21 19:50:10,638] {processor.py:623} INFO - DAG(s) dict_keys(['example_kubernetes_executor']) retrieved from /home/airflow/.local/lib/python3.6/site-packages/airflow/example_dags/example_kubernetes_executor.py
[2021-09-21 19:50:10,654] {logging_mixin.py:109} INFO - [2021-09-21 19:50:10,654] {dag.py:1834} INFO - Sync 1 DAGs
[2021-09-21 19:50:10,666] {logging_mixin.py:109} INFO - [2021-09-21 19:50:10,666] {dag.py:2287} INFO - Setting next_dagrun for example_kubernetes_executor to None
[2021-09-21 19:50:10,682] {processor.py:170} INFO - Processing /home/airflow/.local/lib/python3.6/site-packages/airflow/example_dags/example_kubernetes_executor.py took 0.118 seconds
[2021-09-21 19:50:41,525] {processor.py:162} INFO - Started process (PID=638) to work on /home/airflow/.local/lib/python3.6/site-packages/airflow/example_dags/example_kubernetes_executor.py
[2021-09-21 19:50:41,526] {processor.py:613} INFO - Processing file /home/airflow/.local/lib/python3.6/site-packages/airflow/example_dags/example_kubernetes_executor.py for tasks to queue
[2021-09-21 19:50:41,526] {logging_mixin.py:109} INFO - [2021-09-21 19:50:41,526] {dagbag.py:496} INFO - Filling up the DagBag from /home/airflow/.local/lib/python3.6/site-packages/airflow/example_dags/example_kubernetes_executor.py
[2021-09-21 19:50:41,540] {processor.py:623} INFO - DAG(s) dict_keys(['example_kubernetes_executor']) retrieved from /home/airflow/.local/lib/python3.6/site-packages/airflow/example_dags/example_kubernetes_executor.py
[2021-09-21 19:50:41,563] {logging_mixin.py:109} INFO - [2021-09-21 19:50:41,563] {dag.py:1834} INFO - Sync 1 DAGs
[2021-09-21 19:50:41,580] {logging_mixin.py:109} INFO - [2021-09-21 19:50:41,580] {dag.py:2287} INFO - Setting next_dagrun for example_kubernetes_executor to None
[2021-09-21 19:50:41,608] {processor.py:170} INFO - Processing /home/airflow/.local/lib/python3.6/site-packages/airflow/example_dags/example_kubernetes_executor.py took 0.086 seconds
[2021-09-21 19:51:12,188] {processor.py:162} INFO - Started process (PID=703) to work on /home/airflow/.local/lib/python3.6/site-packages/airflow/example_dags/example_kubernetes_executor.py
[2021-09-21 19:51:12,201] {processor.py:613} INFO - Processing file /home/airflow/.local/lib/python3.6/site-packages/airflow/example_dags/example_kubernetes_executor.py for tasks to queue
[2021-09-21 19:51:12,202] {logging_mixin.py:109} INFO - [2021-09-21 19:51:12,202] {dagbag.py:496} INFO - Filling up the DagBag from /home/airflow/.local/lib/python3.6/site-packages/airflow/example_dags/example_kubernetes_executor.py
[2021-09-21 19:51:12,213] {processor.py:623} INFO - DAG(s) dict_keys(['example_kubernetes_executor']) retrieved from /home/airflow/.local/lib/python3.6/site-packages/airflow/example_dags/example_kubernetes_executor.py
[2021-09-21 19:51:12,235] {logging_mixin.py:109} INFO - [2021-09-21 19:51:12,235] {dag.py:1834} INFO - Sync 1 DAGs
[2021-09-21 19:51:12,249] {logging_mixin.py:109} INFO - [2021-09-21 19:51:12,249] {dag.py:2287} INFO - Setting next_dagrun for example_kubernetes_executor to None
[2021-09-21 19:51:12,276] {processor.py:170} INFO - Processing /home/airflow/.local/lib/python3.6/site-packages/airflow/example_dags/example_kubernetes_executor.py took 0.091 seconds
[2021-09-21 19:51:42,666] {processor.py:162} INFO - Started process (PID=754) to work on /home/airflow/.local/lib/python3.6/site-packages/airflow/example_dags/example_kubernetes_executor.py
[2021-09-21 19:51:42,669] {processor.py:613} INFO - Processing file /home/airflow/.local/lib/python3.6/site-packages/airflow/example_dags/example_kubernetes_executor.py for tasks to queue
[2021-09-21 19:51:42,671] {logging_mixin.py:109} INFO - [2021-09-21 19:51:42,670] {dagbag.py:496} INFO - Filling up the DagBag from /home/airflow/.local/lib/python3.6/site-packages/airflow/example_dags/example_kubernetes_executor.py
[2021-09-21 19:51:42,702] {processor.py:623} INFO - DAG(s) dict_keys(['example_kubernetes_executor']) retrieved from /home/airflow/.local/lib/python3.6/site-packages/airflow/example_dags/example_kubernetes_executor.py
[2021-09-21 19:51:42,755] {logging_mixin.py:109} INFO - [2021-09-21 19:51:42,755] {dag.py:1834} INFO - Sync 1 DAGs
[2021-09-21 19:51:42,775] {logging_mixin.py:109} INFO - [2021-09-21 19:51:42,775] {dag.py:2287} INFO - Setting next_dagrun for example_kubernetes_executor to None
[2021-09-21 19:51:43,037] {processor.py:170} INFO - Processing /home/airflow/.local/lib/python3.6/site-packages/airflow/example_dags/example_kubernetes_executor.py took 0.379 seconds
