[2021-09-21 19:47:25,902] {processor.py:162} INFO - Started process (PID=251) to work on /home/airflow/.local/lib/python3.6/site-packages/airflow/example_dags/example_complex.py
[2021-09-21 19:47:25,903] {processor.py:613} INFO - Processing file /home/airflow/.local/lib/python3.6/site-packages/airflow/example_dags/example_complex.py for tasks to queue
[2021-09-21 19:47:25,904] {logging_mixin.py:109} INFO - [2021-09-21 19:47:25,904] {dagbag.py:496} INFO - Filling up the DagBag from /home/airflow/.local/lib/python3.6/site-packages/airflow/example_dags/example_complex.py
[2021-09-21 19:47:25,924] {processor.py:623} INFO - DAG(s) dict_keys(['example_complex']) retrieved from /home/airflow/.local/lib/python3.6/site-packages/airflow/example_dags/example_complex.py
[2021-09-21 19:47:31,202] {logging_mixin.py:109} INFO - [2021-09-21 19:47:31,201] {dag.py:1834} INFO - Sync 1 DAGs
[2021-09-21 19:47:31,214] {logging_mixin.py:109} INFO - [2021-09-21 19:47:31,213] {dag.py:1853} INFO - Creating ORM DAG for example_complex
[2021-09-21 19:47:31,217] {logging_mixin.py:109} INFO - [2021-09-21 19:47:31,217] {dag.py:2287} INFO - Setting next_dagrun for example_complex to None
[2021-09-21 19:47:31,533] {processor.py:170} INFO - Processing /home/airflow/.local/lib/python3.6/site-packages/airflow/example_dags/example_complex.py took 5.635 seconds
[2021-09-21 19:48:01,651] {processor.py:162} INFO - Started process (PID=340) to work on /home/airflow/.local/lib/python3.6/site-packages/airflow/example_dags/example_complex.py
[2021-09-21 19:48:01,653] {processor.py:613} INFO - Processing file /home/airflow/.local/lib/python3.6/site-packages/airflow/example_dags/example_complex.py for tasks to queue
[2021-09-21 19:48:01,654] {logging_mixin.py:109} INFO - [2021-09-21 19:48:01,654] {dagbag.py:496} INFO - Filling up the DagBag from /home/airflow/.local/lib/python3.6/site-packages/airflow/example_dags/example_complex.py
[2021-09-21 19:48:01,676] {processor.py:623} INFO - DAG(s) dict_keys(['example_complex']) retrieved from /home/airflow/.local/lib/python3.6/site-packages/airflow/example_dags/example_complex.py
[2021-09-21 19:48:01,698] {logging_mixin.py:109} INFO - [2021-09-21 19:48:01,698] {dag.py:1834} INFO - Sync 1 DAGs
[2021-09-21 19:48:01,710] {logging_mixin.py:109} INFO - [2021-09-21 19:48:01,710] {dag.py:2287} INFO - Setting next_dagrun for example_complex to None
[2021-09-21 19:48:01,746] {processor.py:170} INFO - Processing /home/airflow/.local/lib/python3.6/site-packages/airflow/example_dags/example_complex.py took 0.100 seconds
[2021-09-21 19:48:32,506] {processor.py:162} INFO - Started process (PID=401) to work on /home/airflow/.local/lib/python3.6/site-packages/airflow/example_dags/example_complex.py
[2021-09-21 19:48:32,612] {processor.py:613} INFO - Processing file /home/airflow/.local/lib/python3.6/site-packages/airflow/example_dags/example_complex.py for tasks to queue
[2021-09-21 19:48:32,612] {logging_mixin.py:109} INFO - [2021-09-21 19:48:32,612] {dagbag.py:496} INFO - Filling up the DagBag from /home/airflow/.local/lib/python3.6/site-packages/airflow/example_dags/example_complex.py
[2021-09-21 19:48:32,632] {processor.py:623} INFO - DAG(s) dict_keys(['example_complex']) retrieved from /home/airflow/.local/lib/python3.6/site-packages/airflow/example_dags/example_complex.py
[2021-09-21 19:48:32,657] {logging_mixin.py:109} INFO - [2021-09-21 19:48:32,657] {dag.py:1834} INFO - Sync 1 DAGs
[2021-09-21 19:48:32,670] {logging_mixin.py:109} INFO - [2021-09-21 19:48:32,670] {dag.py:2287} INFO - Setting next_dagrun for example_complex to None
[2021-09-21 19:48:32,693] {processor.py:170} INFO - Processing /home/airflow/.local/lib/python3.6/site-packages/airflow/example_dags/example_complex.py took 0.191 seconds
[2021-09-21 19:49:03,677] {processor.py:162} INFO - Started process (PID=454) to work on /home/airflow/.local/lib/python3.6/site-packages/airflow/example_dags/example_complex.py
[2021-09-21 19:49:03,680] {processor.py:613} INFO - Processing file /home/airflow/.local/lib/python3.6/site-packages/airflow/example_dags/example_complex.py for tasks to queue
[2021-09-21 19:49:03,681] {logging_mixin.py:109} INFO - [2021-09-21 19:49:03,680] {dagbag.py:496} INFO - Filling up the DagBag from /home/airflow/.local/lib/python3.6/site-packages/airflow/example_dags/example_complex.py
[2021-09-21 19:49:03,716] {processor.py:623} INFO - DAG(s) dict_keys(['example_complex']) retrieved from /home/airflow/.local/lib/python3.6/site-packages/airflow/example_dags/example_complex.py
[2021-09-21 19:49:03,749] {logging_mixin.py:109} INFO - [2021-09-21 19:49:03,749] {dag.py:1834} INFO - Sync 1 DAGs
[2021-09-21 19:49:03,763] {logging_mixin.py:109} INFO - [2021-09-21 19:49:03,763] {dag.py:2287} INFO - Setting next_dagrun for example_complex to None
[2021-09-21 19:49:03,949] {processor.py:170} INFO - Processing /home/airflow/.local/lib/python3.6/site-packages/airflow/example_dags/example_complex.py took 0.277 seconds
[2021-09-21 19:49:33,983] {processor.py:162} INFO - Started process (PID=517) to work on /home/airflow/.local/lib/python3.6/site-packages/airflow/example_dags/example_complex.py
[2021-09-21 19:49:34,099] {processor.py:613} INFO - Processing file /home/airflow/.local/lib/python3.6/site-packages/airflow/example_dags/example_complex.py for tasks to queue
[2021-09-21 19:49:34,144] {logging_mixin.py:109} INFO - [2021-09-21 19:49:34,144] {dagbag.py:496} INFO - Filling up the DagBag from /home/airflow/.local/lib/python3.6/site-packages/airflow/example_dags/example_complex.py
[2021-09-21 19:49:34,205] {processor.py:623} INFO - DAG(s) dict_keys(['example_complex']) retrieved from /home/airflow/.local/lib/python3.6/site-packages/airflow/example_dags/example_complex.py
[2021-09-21 19:49:34,244] {logging_mixin.py:109} INFO - [2021-09-21 19:49:34,244] {dag.py:1834} INFO - Sync 1 DAGs
[2021-09-21 19:49:34,258] {logging_mixin.py:109} INFO - [2021-09-21 19:49:34,258] {dag.py:2287} INFO - Setting next_dagrun for example_complex to None
[2021-09-21 19:49:34,317] {processor.py:170} INFO - Processing /home/airflow/.local/lib/python3.6/site-packages/airflow/example_dags/example_complex.py took 0.341 seconds
[2021-09-21 19:50:05,213] {processor.py:162} INFO - Started process (PID=569) to work on /home/airflow/.local/lib/python3.6/site-packages/airflow/example_dags/example_complex.py
[2021-09-21 19:50:05,214] {processor.py:613} INFO - Processing file /home/airflow/.local/lib/python3.6/site-packages/airflow/example_dags/example_complex.py for tasks to queue
[2021-09-21 19:50:05,215] {logging_mixin.py:109} INFO - [2021-09-21 19:50:05,215] {dagbag.py:496} INFO - Filling up the DagBag from /home/airflow/.local/lib/python3.6/site-packages/airflow/example_dags/example_complex.py
[2021-09-21 19:50:05,237] {processor.py:623} INFO - DAG(s) dict_keys(['example_complex']) retrieved from /home/airflow/.local/lib/python3.6/site-packages/airflow/example_dags/example_complex.py
[2021-09-21 19:50:05,262] {logging_mixin.py:109} INFO - [2021-09-21 19:50:05,262] {dag.py:1834} INFO - Sync 1 DAGs
[2021-09-21 19:50:05,274] {logging_mixin.py:109} INFO - [2021-09-21 19:50:05,274] {dag.py:2287} INFO - Setting next_dagrun for example_complex to None
[2021-09-21 19:50:05,374] {processor.py:170} INFO - Processing /home/airflow/.local/lib/python3.6/site-packages/airflow/example_dags/example_complex.py took 0.168 seconds
[2021-09-21 19:50:36,068] {processor.py:162} INFO - Started process (PID=633) to work on /home/airflow/.local/lib/python3.6/site-packages/airflow/example_dags/example_complex.py
[2021-09-21 19:50:36,123] {processor.py:613} INFO - Processing file /home/airflow/.local/lib/python3.6/site-packages/airflow/example_dags/example_complex.py for tasks to queue
[2021-09-21 19:50:36,124] {logging_mixin.py:109} INFO - [2021-09-21 19:50:36,124] {dagbag.py:496} INFO - Filling up the DagBag from /home/airflow/.local/lib/python3.6/site-packages/airflow/example_dags/example_complex.py
[2021-09-21 19:50:36,144] {processor.py:623} INFO - DAG(s) dict_keys(['example_complex']) retrieved from /home/airflow/.local/lib/python3.6/site-packages/airflow/example_dags/example_complex.py
[2021-09-21 19:50:36,166] {logging_mixin.py:109} INFO - [2021-09-21 19:50:36,165] {dag.py:1834} INFO - Sync 1 DAGs
[2021-09-21 19:50:36,177] {logging_mixin.py:109} INFO - [2021-09-21 19:50:36,177] {dag.py:2287} INFO - Setting next_dagrun for example_complex to None
[2021-09-21 19:50:36,291] {processor.py:170} INFO - Processing /home/airflow/.local/lib/python3.6/site-packages/airflow/example_dags/example_complex.py took 0.232 seconds
[2021-09-21 19:51:06,816] {processor.py:162} INFO - Started process (PID=686) to work on /home/airflow/.local/lib/python3.6/site-packages/airflow/example_dags/example_complex.py
[2021-09-21 19:51:06,819] {processor.py:613} INFO - Processing file /home/airflow/.local/lib/python3.6/site-packages/airflow/example_dags/example_complex.py for tasks to queue
[2021-09-21 19:51:06,820] {logging_mixin.py:109} INFO - [2021-09-21 19:51:06,820] {dagbag.py:496} INFO - Filling up the DagBag from /home/airflow/.local/lib/python3.6/site-packages/airflow/example_dags/example_complex.py
[2021-09-21 19:51:06,839] {processor.py:623} INFO - DAG(s) dict_keys(['example_complex']) retrieved from /home/airflow/.local/lib/python3.6/site-packages/airflow/example_dags/example_complex.py
[2021-09-21 19:51:06,865] {logging_mixin.py:109} INFO - [2021-09-21 19:51:06,865] {dag.py:1834} INFO - Sync 1 DAGs
[2021-09-21 19:51:06,877] {logging_mixin.py:109} INFO - [2021-09-21 19:51:06,877] {dag.py:2287} INFO - Setting next_dagrun for example_complex to None
[2021-09-21 19:51:06,909] {processor.py:170} INFO - Processing /home/airflow/.local/lib/python3.6/site-packages/airflow/example_dags/example_complex.py took 0.096 seconds
[2021-09-21 19:51:37,013] {processor.py:162} INFO - Started process (PID=749) to work on /home/airflow/.local/lib/python3.6/site-packages/airflow/example_dags/example_complex.py
[2021-09-21 19:51:37,148] {processor.py:613} INFO - Processing file /home/airflow/.local/lib/python3.6/site-packages/airflow/example_dags/example_complex.py for tasks to queue
[2021-09-21 19:51:37,151] {logging_mixin.py:109} INFO - [2021-09-21 19:51:37,150] {dagbag.py:496} INFO - Filling up the DagBag from /home/airflow/.local/lib/python3.6/site-packages/airflow/example_dags/example_complex.py
[2021-09-21 19:51:38,696] {processor.py:623} INFO - DAG(s) dict_keys(['example_complex']) retrieved from /home/airflow/.local/lib/python3.6/site-packages/airflow/example_dags/example_complex.py
[2021-09-21 19:51:39,019] {logging_mixin.py:109} INFO - [2021-09-21 19:51:39,019] {dag.py:1834} INFO - Sync 1 DAGs
[2021-09-21 19:51:39,363] {logging_mixin.py:109} INFO - [2021-09-21 19:51:39,363] {dag.py:2287} INFO - Setting next_dagrun for example_complex to None
[2021-09-21 19:51:39,479] {processor.py:170} INFO - Processing /home/airflow/.local/lib/python3.6/site-packages/airflow/example_dags/example_complex.py took 2.477 seconds
