[2021-09-21 19:46:20,359] {processor.py:162} INFO - Started process (PID=109) to work on /home/airflow/.local/lib/python3.6/site-packages/airflow/example_dags/tutorial_etl_dag.py
[2021-09-21 19:46:20,360] {processor.py:613} INFO - Processing file /home/airflow/.local/lib/python3.6/site-packages/airflow/example_dags/tutorial_etl_dag.py for tasks to queue
[2021-09-21 19:46:21,138] {logging_mixin.py:109} INFO - [2021-09-21 19:46:21,012] {dagbag.py:496} INFO - Filling up the DagBag from /home/airflow/.local/lib/python3.6/site-packages/airflow/example_dags/tutorial_etl_dag.py
[2021-09-21 19:46:21,640] {processor.py:623} INFO - DAG(s) dict_keys(['tutorial_etl_dag']) retrieved from /home/airflow/.local/lib/python3.6/site-packages/airflow/example_dags/tutorial_etl_dag.py
[2021-09-21 19:46:25,315] {logging_mixin.py:109} INFO - [2021-09-21 19:46:25,314] {dag.py:1834} INFO - Sync 1 DAGs
[2021-09-21 19:46:25,334] {logging_mixin.py:109} INFO - [2021-09-21 19:46:25,333] {dag.py:1853} INFO - Creating ORM DAG for tutorial_etl_dag
[2021-09-21 19:46:25,341] {logging_mixin.py:109} INFO - [2021-09-21 19:46:25,341] {dag.py:2287} INFO - Setting next_dagrun for tutorial_etl_dag to None
[2021-09-21 19:46:25,360] {processor.py:170} INFO - Processing /home/airflow/.local/lib/python3.6/site-packages/airflow/example_dags/tutorial_etl_dag.py took 5.004 seconds
[2021-09-21 19:47:38,832] {processor.py:162} INFO - Started process (PID=298) to work on /home/airflow/.local/lib/python3.6/site-packages/airflow/example_dags/tutorial_etl_dag.py
[2021-09-21 19:47:38,856] {processor.py:613} INFO - Processing file /home/airflow/.local/lib/python3.6/site-packages/airflow/example_dags/tutorial_etl_dag.py for tasks to queue
[2021-09-21 19:47:38,857] {logging_mixin.py:109} INFO - [2021-09-21 19:47:38,856] {dagbag.py:496} INFO - Filling up the DagBag from /home/airflow/.local/lib/python3.6/site-packages/airflow/example_dags/tutorial_etl_dag.py
[2021-09-21 19:47:38,912] {processor.py:623} INFO - DAG(s) dict_keys(['tutorial_etl_dag']) retrieved from /home/airflow/.local/lib/python3.6/site-packages/airflow/example_dags/tutorial_etl_dag.py
[2021-09-21 19:47:38,949] {logging_mixin.py:109} INFO - [2021-09-21 19:47:38,948] {dag.py:1834} INFO - Sync 1 DAGs
[2021-09-21 19:47:38,969] {logging_mixin.py:109} INFO - [2021-09-21 19:47:38,969] {dag.py:2287} INFO - Setting next_dagrun for tutorial_etl_dag to None
[2021-09-21 19:47:38,997] {processor.py:170} INFO - Processing /home/airflow/.local/lib/python3.6/site-packages/airflow/example_dags/tutorial_etl_dag.py took 0.170 seconds
[2021-09-21 19:48:10,084] {processor.py:162} INFO - Started process (PID=362) to work on /home/airflow/.local/lib/python3.6/site-packages/airflow/example_dags/tutorial_etl_dag.py
[2021-09-21 19:48:10,086] {processor.py:613} INFO - Processing file /home/airflow/.local/lib/python3.6/site-packages/airflow/example_dags/tutorial_etl_dag.py for tasks to queue
[2021-09-21 19:48:10,086] {logging_mixin.py:109} INFO - [2021-09-21 19:48:10,086] {dagbag.py:496} INFO - Filling up the DagBag from /home/airflow/.local/lib/python3.6/site-packages/airflow/example_dags/tutorial_etl_dag.py
[2021-09-21 19:48:10,100] {processor.py:623} INFO - DAG(s) dict_keys(['tutorial_etl_dag']) retrieved from /home/airflow/.local/lib/python3.6/site-packages/airflow/example_dags/tutorial_etl_dag.py
[2021-09-21 19:48:10,123] {logging_mixin.py:109} INFO - [2021-09-21 19:48:10,123] {dag.py:1834} INFO - Sync 1 DAGs
[2021-09-21 19:48:10,141] {logging_mixin.py:109} INFO - [2021-09-21 19:48:10,141] {dag.py:2287} INFO - Setting next_dagrun for tutorial_etl_dag to None
[2021-09-21 19:48:10,193] {processor.py:170} INFO - Processing /home/airflow/.local/lib/python3.6/site-packages/airflow/example_dags/tutorial_etl_dag.py took 0.112 seconds
[2021-09-21 19:48:41,156] {processor.py:162} INFO - Started process (PID=413) to work on /home/airflow/.local/lib/python3.6/site-packages/airflow/example_dags/tutorial_etl_dag.py
[2021-09-21 19:48:41,171] {processor.py:613} INFO - Processing file /home/airflow/.local/lib/python3.6/site-packages/airflow/example_dags/tutorial_etl_dag.py for tasks to queue
[2021-09-21 19:48:41,172] {logging_mixin.py:109} INFO - [2021-09-21 19:48:41,171] {dagbag.py:496} INFO - Filling up the DagBag from /home/airflow/.local/lib/python3.6/site-packages/airflow/example_dags/tutorial_etl_dag.py
[2021-09-21 19:48:41,183] {processor.py:623} INFO - DAG(s) dict_keys(['tutorial_etl_dag']) retrieved from /home/airflow/.local/lib/python3.6/site-packages/airflow/example_dags/tutorial_etl_dag.py
[2021-09-21 19:48:41,202] {logging_mixin.py:109} INFO - [2021-09-21 19:48:41,202] {dag.py:1834} INFO - Sync 1 DAGs
[2021-09-21 19:48:41,214] {logging_mixin.py:109} INFO - [2021-09-21 19:48:41,214] {dag.py:2287} INFO - Setting next_dagrun for tutorial_etl_dag to None
[2021-09-21 19:48:41,230] {processor.py:170} INFO - Processing /home/airflow/.local/lib/python3.6/site-packages/airflow/example_dags/tutorial_etl_dag.py took 0.077 seconds
[2021-09-21 19:49:11,578] {processor.py:162} INFO - Started process (PID=475) to work on /home/airflow/.local/lib/python3.6/site-packages/airflow/example_dags/tutorial_etl_dag.py
[2021-09-21 19:49:11,579] {processor.py:613} INFO - Processing file /home/airflow/.local/lib/python3.6/site-packages/airflow/example_dags/tutorial_etl_dag.py for tasks to queue
[2021-09-21 19:49:11,579] {logging_mixin.py:109} INFO - [2021-09-21 19:49:11,579] {dagbag.py:496} INFO - Filling up the DagBag from /home/airflow/.local/lib/python3.6/site-packages/airflow/example_dags/tutorial_etl_dag.py
[2021-09-21 19:49:11,589] {processor.py:623} INFO - DAG(s) dict_keys(['tutorial_etl_dag']) retrieved from /home/airflow/.local/lib/python3.6/site-packages/airflow/example_dags/tutorial_etl_dag.py
[2021-09-21 19:49:11,609] {logging_mixin.py:109} INFO - [2021-09-21 19:49:11,609] {dag.py:1834} INFO - Sync 1 DAGs
[2021-09-21 19:49:11,621] {logging_mixin.py:109} INFO - [2021-09-21 19:49:11,621] {dag.py:2287} INFO - Setting next_dagrun for tutorial_etl_dag to None
[2021-09-21 19:49:11,644] {processor.py:170} INFO - Processing /home/airflow/.local/lib/python3.6/site-packages/airflow/example_dags/tutorial_etl_dag.py took 0.068 seconds
[2021-09-21 19:49:42,102] {processor.py:162} INFO - Started process (PID=527) to work on /home/airflow/.local/lib/python3.6/site-packages/airflow/example_dags/tutorial_etl_dag.py
[2021-09-21 19:49:42,122] {processor.py:613} INFO - Processing file /home/airflow/.local/lib/python3.6/site-packages/airflow/example_dags/tutorial_etl_dag.py for tasks to queue
[2021-09-21 19:49:42,123] {logging_mixin.py:109} INFO - [2021-09-21 19:49:42,123] {dagbag.py:496} INFO - Filling up the DagBag from /home/airflow/.local/lib/python3.6/site-packages/airflow/example_dags/tutorial_etl_dag.py
[2021-09-21 19:49:42,137] {processor.py:623} INFO - DAG(s) dict_keys(['tutorial_etl_dag']) retrieved from /home/airflow/.local/lib/python3.6/site-packages/airflow/example_dags/tutorial_etl_dag.py
[2021-09-21 19:49:42,156] {logging_mixin.py:109} INFO - [2021-09-21 19:49:42,156] {dag.py:1834} INFO - Sync 1 DAGs
[2021-09-21 19:49:42,168] {logging_mixin.py:109} INFO - [2021-09-21 19:49:42,168] {dag.py:2287} INFO - Setting next_dagrun for tutorial_etl_dag to None
[2021-09-21 19:49:42,180] {processor.py:170} INFO - Processing /home/airflow/.local/lib/python3.6/site-packages/airflow/example_dags/tutorial_etl_dag.py took 0.082 seconds
[2021-09-21 19:50:12,995] {processor.py:162} INFO - Started process (PID=591) to work on /home/airflow/.local/lib/python3.6/site-packages/airflow/example_dags/tutorial_etl_dag.py
[2021-09-21 19:50:12,996] {processor.py:613} INFO - Processing file /home/airflow/.local/lib/python3.6/site-packages/airflow/example_dags/tutorial_etl_dag.py for tasks to queue
[2021-09-21 19:50:12,996] {logging_mixin.py:109} INFO - [2021-09-21 19:50:12,996] {dagbag.py:496} INFO - Filling up the DagBag from /home/airflow/.local/lib/python3.6/site-packages/airflow/example_dags/tutorial_etl_dag.py
[2021-09-21 19:50:13,008] {processor.py:623} INFO - DAG(s) dict_keys(['tutorial_etl_dag']) retrieved from /home/airflow/.local/lib/python3.6/site-packages/airflow/example_dags/tutorial_etl_dag.py
[2021-09-21 19:50:13,026] {logging_mixin.py:109} INFO - [2021-09-21 19:50:13,026] {dag.py:1834} INFO - Sync 1 DAGs
[2021-09-21 19:50:13,038] {logging_mixin.py:109} INFO - [2021-09-21 19:50:13,038] {dag.py:2287} INFO - Setting next_dagrun for tutorial_etl_dag to None
[2021-09-21 19:50:13,060] {processor.py:170} INFO - Processing /home/airflow/.local/lib/python3.6/site-packages/airflow/example_dags/tutorial_etl_dag.py took 0.067 seconds
[2021-09-21 19:50:44,061] {processor.py:162} INFO - Started process (PID=654) to work on /home/airflow/.local/lib/python3.6/site-packages/airflow/example_dags/tutorial_etl_dag.py
[2021-09-21 19:50:44,077] {processor.py:613} INFO - Processing file /home/airflow/.local/lib/python3.6/site-packages/airflow/example_dags/tutorial_etl_dag.py for tasks to queue
[2021-09-21 19:50:44,078] {logging_mixin.py:109} INFO - [2021-09-21 19:50:44,078] {dagbag.py:496} INFO - Filling up the DagBag from /home/airflow/.local/lib/python3.6/site-packages/airflow/example_dags/tutorial_etl_dag.py
[2021-09-21 19:50:44,095] {processor.py:623} INFO - DAG(s) dict_keys(['tutorial_etl_dag']) retrieved from /home/airflow/.local/lib/python3.6/site-packages/airflow/example_dags/tutorial_etl_dag.py
[2021-09-21 19:50:44,123] {logging_mixin.py:109} INFO - [2021-09-21 19:50:44,123] {dag.py:1834} INFO - Sync 1 DAGs
[2021-09-21 19:50:44,142] {logging_mixin.py:109} INFO - [2021-09-21 19:50:44,142] {dag.py:2287} INFO - Setting next_dagrun for tutorial_etl_dag to None
[2021-09-21 19:50:44,163] {processor.py:170} INFO - Processing /home/airflow/.local/lib/python3.6/site-packages/airflow/example_dags/tutorial_etl_dag.py took 0.108 seconds
[2021-09-21 19:51:14,522] {processor.py:162} INFO - Started process (PID=709) to work on /home/airflow/.local/lib/python3.6/site-packages/airflow/example_dags/tutorial_etl_dag.py
[2021-09-21 19:51:14,522] {processor.py:613} INFO - Processing file /home/airflow/.local/lib/python3.6/site-packages/airflow/example_dags/tutorial_etl_dag.py for tasks to queue
[2021-09-21 19:51:14,523] {logging_mixin.py:109} INFO - [2021-09-21 19:51:14,523] {dagbag.py:496} INFO - Filling up the DagBag from /home/airflow/.local/lib/python3.6/site-packages/airflow/example_dags/tutorial_etl_dag.py
[2021-09-21 19:51:14,533] {processor.py:623} INFO - DAG(s) dict_keys(['tutorial_etl_dag']) retrieved from /home/airflow/.local/lib/python3.6/site-packages/airflow/example_dags/tutorial_etl_dag.py
[2021-09-21 19:51:14,549] {logging_mixin.py:109} INFO - [2021-09-21 19:51:14,549] {dag.py:1834} INFO - Sync 1 DAGs
[2021-09-21 19:51:14,561] {logging_mixin.py:109} INFO - [2021-09-21 19:51:14,561] {dag.py:2287} INFO - Setting next_dagrun for tutorial_etl_dag to None
[2021-09-21 19:51:14,598] {processor.py:170} INFO - Processing /home/airflow/.local/lib/python3.6/site-packages/airflow/example_dags/tutorial_etl_dag.py took 0.079 seconds
