[2021-09-21 19:47:35,606] {processor.py:162} INFO - Started process (PID=284) to work on /home/airflow/.local/lib/python3.6/site-packages/airflow/example_dags/tutorial.py
[2021-09-21 19:47:35,607] {processor.py:613} INFO - Processing file /home/airflow/.local/lib/python3.6/site-packages/airflow/example_dags/tutorial.py for tasks to queue
[2021-09-21 19:47:35,608] {logging_mixin.py:109} INFO - [2021-09-21 19:47:35,608] {dagbag.py:496} INFO - Filling up the DagBag from /home/airflow/.local/lib/python3.6/site-packages/airflow/example_dags/tutorial.py
[2021-09-21 19:47:35,627] {processor.py:623} INFO - DAG(s) dict_keys(['tutorial']) retrieved from /home/airflow/.local/lib/python3.6/site-packages/airflow/example_dags/tutorial.py
[2021-09-21 19:47:38,144] {logging_mixin.py:109} INFO - [2021-09-21 19:47:38,143] {dag.py:1834} INFO - Sync 1 DAGs
[2021-09-21 19:47:38,156] {logging_mixin.py:109} INFO - [2021-09-21 19:47:38,154] {dag.py:1853} INFO - Creating ORM DAG for tutorial
[2021-09-21 19:47:38,160] {logging_mixin.py:109} INFO - [2021-09-21 19:47:38,160] {dag.py:2287} INFO - Setting next_dagrun for tutorial to 2021-09-19 00:00:00+00:00
[2021-09-21 19:47:38,190] {processor.py:170} INFO - Processing /home/airflow/.local/lib/python3.6/site-packages/airflow/example_dags/tutorial.py took 2.589 seconds
[2021-09-21 19:48:08,234] {processor.py:162} INFO - Started process (PID=354) to work on /home/airflow/.local/lib/python3.6/site-packages/airflow/example_dags/tutorial.py
[2021-09-21 19:48:08,243] {processor.py:613} INFO - Processing file /home/airflow/.local/lib/python3.6/site-packages/airflow/example_dags/tutorial.py for tasks to queue
[2021-09-21 19:48:08,246] {logging_mixin.py:109} INFO - [2021-09-21 19:48:08,243] {dagbag.py:496} INFO - Filling up the DagBag from /home/airflow/.local/lib/python3.6/site-packages/airflow/example_dags/tutorial.py
[2021-09-21 19:48:08,258] {processor.py:623} INFO - DAG(s) dict_keys(['tutorial']) retrieved from /home/airflow/.local/lib/python3.6/site-packages/airflow/example_dags/tutorial.py
[2021-09-21 19:48:08,277] {logging_mixin.py:109} INFO - [2021-09-21 19:48:08,277] {dag.py:1834} INFO - Sync 1 DAGs
[2021-09-21 19:48:08,291] {logging_mixin.py:109} INFO - [2021-09-21 19:48:08,291] {dag.py:2287} INFO - Setting next_dagrun for tutorial to 2021-09-19 00:00:00+00:00
[2021-09-21 19:48:08,411] {processor.py:170} INFO - Processing /home/airflow/.local/lib/python3.6/site-packages/airflow/example_dags/tutorial.py took 0.179 seconds
[2021-09-21 19:48:38,848] {processor.py:162} INFO - Started process (PID=408) to work on /home/airflow/.local/lib/python3.6/site-packages/airflow/example_dags/tutorial.py
[2021-09-21 19:48:38,849] {processor.py:613} INFO - Processing file /home/airflow/.local/lib/python3.6/site-packages/airflow/example_dags/tutorial.py for tasks to queue
[2021-09-21 19:48:38,849] {logging_mixin.py:109} INFO - [2021-09-21 19:48:38,849] {dagbag.py:496} INFO - Filling up the DagBag from /home/airflow/.local/lib/python3.6/site-packages/airflow/example_dags/tutorial.py
[2021-09-21 19:48:38,864] {processor.py:623} INFO - DAG(s) dict_keys(['tutorial']) retrieved from /home/airflow/.local/lib/python3.6/site-packages/airflow/example_dags/tutorial.py
[2021-09-21 19:48:38,890] {logging_mixin.py:109} INFO - [2021-09-21 19:48:38,890] {dag.py:1834} INFO - Sync 1 DAGs
[2021-09-21 19:48:38,904] {logging_mixin.py:109} INFO - [2021-09-21 19:48:38,904] {dag.py:2287} INFO - Setting next_dagrun for tutorial to 2021-09-19 00:00:00+00:00
[2021-09-21 19:48:38,919] {processor.py:170} INFO - Processing /home/airflow/.local/lib/python3.6/site-packages/airflow/example_dags/tutorial.py took 0.074 seconds
[2021-09-21 19:49:09,325] {processor.py:162} INFO - Started process (PID=470) to work on /home/airflow/.local/lib/python3.6/site-packages/airflow/example_dags/tutorial.py
[2021-09-21 19:49:09,346] {processor.py:613} INFO - Processing file /home/airflow/.local/lib/python3.6/site-packages/airflow/example_dags/tutorial.py for tasks to queue
[2021-09-21 19:49:09,346] {logging_mixin.py:109} INFO - [2021-09-21 19:49:09,346] {dagbag.py:496} INFO - Filling up the DagBag from /home/airflow/.local/lib/python3.6/site-packages/airflow/example_dags/tutorial.py
[2021-09-21 19:49:09,357] {processor.py:623} INFO - DAG(s) dict_keys(['tutorial']) retrieved from /home/airflow/.local/lib/python3.6/site-packages/airflow/example_dags/tutorial.py
[2021-09-21 19:49:09,379] {logging_mixin.py:109} INFO - [2021-09-21 19:49:09,379] {dag.py:1834} INFO - Sync 1 DAGs
[2021-09-21 19:49:09,395] {logging_mixin.py:109} INFO - [2021-09-21 19:49:09,395] {dag.py:2287} INFO - Setting next_dagrun for tutorial to 2021-09-19 00:00:00+00:00
[2021-09-21 19:49:09,466] {processor.py:170} INFO - Processing /home/airflow/.local/lib/python3.6/site-packages/airflow/example_dags/tutorial.py took 0.143 seconds
[2021-09-21 19:49:39,683] {processor.py:162} INFO - Started process (PID=524) to work on /home/airflow/.local/lib/python3.6/site-packages/airflow/example_dags/tutorial.py
[2021-09-21 19:49:39,684] {processor.py:613} INFO - Processing file /home/airflow/.local/lib/python3.6/site-packages/airflow/example_dags/tutorial.py for tasks to queue
[2021-09-21 19:49:39,684] {logging_mixin.py:109} INFO - [2021-09-21 19:49:39,684] {dagbag.py:496} INFO - Filling up the DagBag from /home/airflow/.local/lib/python3.6/site-packages/airflow/example_dags/tutorial.py
[2021-09-21 19:49:39,695] {processor.py:623} INFO - DAG(s) dict_keys(['tutorial']) retrieved from /home/airflow/.local/lib/python3.6/site-packages/airflow/example_dags/tutorial.py
[2021-09-21 19:49:39,715] {logging_mixin.py:109} INFO - [2021-09-21 19:49:39,715] {dag.py:1834} INFO - Sync 1 DAGs
[2021-09-21 19:49:39,734] {logging_mixin.py:109} INFO - [2021-09-21 19:49:39,734] {dag.py:2287} INFO - Setting next_dagrun for tutorial to 2021-09-19 00:00:00+00:00
[2021-09-21 19:49:39,803] {processor.py:170} INFO - Processing /home/airflow/.local/lib/python3.6/site-packages/airflow/example_dags/tutorial.py took 0.123 seconds
[2021-09-21 19:50:10,685] {processor.py:162} INFO - Started process (PID=586) to work on /home/airflow/.local/lib/python3.6/site-packages/airflow/example_dags/tutorial.py
[2021-09-21 19:50:10,686] {processor.py:613} INFO - Processing file /home/airflow/.local/lib/python3.6/site-packages/airflow/example_dags/tutorial.py for tasks to queue
[2021-09-21 19:50:10,687] {logging_mixin.py:109} INFO - [2021-09-21 19:50:10,686] {dagbag.py:496} INFO - Filling up the DagBag from /home/airflow/.local/lib/python3.6/site-packages/airflow/example_dags/tutorial.py
[2021-09-21 19:50:10,698] {processor.py:623} INFO - DAG(s) dict_keys(['tutorial']) retrieved from /home/airflow/.local/lib/python3.6/site-packages/airflow/example_dags/tutorial.py
[2021-09-21 19:50:10,716] {logging_mixin.py:109} INFO - [2021-09-21 19:50:10,716] {dag.py:1834} INFO - Sync 1 DAGs
[2021-09-21 19:50:10,728] {logging_mixin.py:109} INFO - [2021-09-21 19:50:10,728] {dag.py:2287} INFO - Setting next_dagrun for tutorial to 2021-09-19 00:00:00+00:00
[2021-09-21 19:50:10,752] {processor.py:170} INFO - Processing /home/airflow/.local/lib/python3.6/site-packages/airflow/example_dags/tutorial.py took 0.071 seconds
[2021-09-21 19:50:41,625] {processor.py:162} INFO - Started process (PID=639) to work on /home/airflow/.local/lib/python3.6/site-packages/airflow/example_dags/tutorial.py
[2021-09-21 19:50:41,626] {processor.py:613} INFO - Processing file /home/airflow/.local/lib/python3.6/site-packages/airflow/example_dags/tutorial.py for tasks to queue
[2021-09-21 19:50:41,626] {logging_mixin.py:109} INFO - [2021-09-21 19:50:41,626] {dagbag.py:496} INFO - Filling up the DagBag from /home/airflow/.local/lib/python3.6/site-packages/airflow/example_dags/tutorial.py
[2021-09-21 19:50:41,643] {processor.py:623} INFO - DAG(s) dict_keys(['tutorial']) retrieved from /home/airflow/.local/lib/python3.6/site-packages/airflow/example_dags/tutorial.py
[2021-09-21 19:50:41,663] {logging_mixin.py:109} INFO - [2021-09-21 19:50:41,663] {dag.py:1834} INFO - Sync 1 DAGs
[2021-09-21 19:50:41,681] {logging_mixin.py:109} INFO - [2021-09-21 19:50:41,681] {dag.py:2287} INFO - Setting next_dagrun for tutorial to 2021-09-19 00:00:00+00:00
[2021-09-21 19:50:41,707] {processor.py:170} INFO - Processing /home/airflow/.local/lib/python3.6/site-packages/airflow/example_dags/tutorial.py took 0.085 seconds
[2021-09-21 19:51:12,276] {processor.py:162} INFO - Started process (PID=704) to work on /home/airflow/.local/lib/python3.6/site-packages/airflow/example_dags/tutorial.py
[2021-09-21 19:51:12,277] {processor.py:613} INFO - Processing file /home/airflow/.local/lib/python3.6/site-packages/airflow/example_dags/tutorial.py for tasks to queue
[2021-09-21 19:51:12,278] {logging_mixin.py:109} INFO - [2021-09-21 19:51:12,278] {dagbag.py:496} INFO - Filling up the DagBag from /home/airflow/.local/lib/python3.6/site-packages/airflow/example_dags/tutorial.py
[2021-09-21 19:51:12,289] {processor.py:623} INFO - DAG(s) dict_keys(['tutorial']) retrieved from /home/airflow/.local/lib/python3.6/site-packages/airflow/example_dags/tutorial.py
[2021-09-21 19:51:12,309] {logging_mixin.py:109} INFO - [2021-09-21 19:51:12,309] {dag.py:1834} INFO - Sync 1 DAGs
[2021-09-21 19:51:12,320] {logging_mixin.py:109} INFO - [2021-09-21 19:51:12,320] {dag.py:2287} INFO - Setting next_dagrun for tutorial to 2021-09-19 00:00:00+00:00
[2021-09-21 19:51:12,347] {processor.py:170} INFO - Processing /home/airflow/.local/lib/python3.6/site-packages/airflow/example_dags/tutorial.py took 0.073 seconds
[2021-09-21 19:51:43,072] {processor.py:162} INFO - Started process (PID=755) to work on /home/airflow/.local/lib/python3.6/site-packages/airflow/example_dags/tutorial.py
[2021-09-21 19:51:43,075] {processor.py:613} INFO - Processing file /home/airflow/.local/lib/python3.6/site-packages/airflow/example_dags/tutorial.py for tasks to queue
[2021-09-21 19:51:43,077] {logging_mixin.py:109} INFO - [2021-09-21 19:51:43,076] {dagbag.py:496} INFO - Filling up the DagBag from /home/airflow/.local/lib/python3.6/site-packages/airflow/example_dags/tutorial.py
[2021-09-21 19:51:43,108] {processor.py:623} INFO - DAG(s) dict_keys(['tutorial']) retrieved from /home/airflow/.local/lib/python3.6/site-packages/airflow/example_dags/tutorial.py
[2021-09-21 19:51:43,155] {logging_mixin.py:109} INFO - [2021-09-21 19:51:43,155] {dag.py:1834} INFO - Sync 1 DAGs
[2021-09-21 19:51:43,172] {logging_mixin.py:109} INFO - [2021-09-21 19:51:43,172] {dag.py:2287} INFO - Setting next_dagrun for tutorial to 2021-09-19 00:00:00+00:00
[2021-09-21 19:51:48,990] {logging_mixin.py:109} INFO - [2021-09-21 19:51:48,989] {process_utils.py:207} INFO - Waiting up to 5 seconds for processes to exit...
